2019-12-17 13:56:56,965 - WARNING - 295 : XGBoost is included in recommended algorithms list but not installed locally. If you would like to include XGBoost models in the recommended algorithms please install XGBoost locally. Adding XGBoost to the blacklist.
2019-12-17 13:56:57,110 - INFO - 295 : Starting usage telemetry collection
2019-12-17 13:56:57,517 - INFO - 295 : Extracting user Data
2019-12-17 13:56:57,537 - INFO - 295 : User has validation defined, no train rule based validation needed.
2019-12-17 13:56:57,632 - INFO - 295 : Start creating parent run with DTO:  - name: my-third-experiment
 - subscription_id: f6b4e95b-44f4-4587-865a-97ade75f98f6
 - region: southeastasia
 - spark_context: None
 - spark_service: None
 - azure_service: None
 - iterations: 3
 - primary_metric: spearman_correlation
 - task_type: regression
 - validation_size: 0.0
 - n_cross_validations: 5
 - y_min: 25.0
 - y_max: 346.0
 - num_classes: None
 - featurization: off
 - preprocess: False
 - lag_length: 0
 - is_timeseries: False
 - max_cores_per_iteration: 1
 - max_concurrent_iterations: 1
 - iteration_timeout_minutes: 10
 - mem_in_mb: None
 - enforce_time_on_windows: False
 - experiment_timeout_minutes: None
 - experiment_exit_score: None
 - whitelist_models: None
 - blacklist_algos: ['XGBoostRegressor', 'Prophet']
 - supported_models: ['ElasticNet', 'GradientBoosting', 'DecisionTree', 'KNN', 'LassoLars', 'SGD', 'RandomForest', 'ExtremeRandomTrees', 'LightGBM', 'XGBoostRegressor', 'FastLinearRegressor', 'OnlineGradientDescentRegressor', 'TensorFlowLinearRegressor', 'TensorFlowDNN']
 - auto_blacklist: True
 - blacklist_samples_reached: False
 - exclude_nan_labels: True
 - verbosity: 20
 - show_warnings: False
 - model_explainability: False
 - service_url: None
 - sdk_url: None
 - sdk_packages: None
 - enable_onnx_compatible_models: False
 - enable_split_onnx_featurizer_estimator_models: False
 - vm_type: None
 - telemetry_verbosity: INFO
 - send_telemetry: True
 - enable_dnn: False
 - enable_feature_sweeping: True
 - enable_early_stopping: False
 - early_stopping_n_iters: 10
 - metrics: None
 - enable_ensembling: False
 - enable_stack_ensembling: False
 - ensemble_iterations: None
 - enable_tf: False
 - enable_cache: True
 - enable_subsampling: False
 - subsample_seed: None
 - enable_nimbusml: False
 - enable_streaming: False
 - label_column_name: None
 - weight_column_name: None
 - cost_mode: 0
 - metric_operation: maximize.
2019-12-17 13:57:01,129 - INFO - 295 : [RunId:AutoML_60b4f5bb-e17a-4a75-b33e-13eac4b2d1eb]SDK dependencies versions:{"azureml-widgets": "1.0.72", "azureml-train": "1.0.72", "azureml-train-restclients-hyperdrive": "1.0.72", "azureml-train-core": "1.0.72", "azureml-train-automl": "1.0.72", "azureml-telemetry": "1.0.72", "azureml-sdk": "1.0.72", "azureml-pipeline": "1.0.72", "azureml-pipeline-steps": "1.0.72", "azureml-pipeline-core": "1.0.72", "azureml-opendatasets": "1.0.72.1", "azureml-model-management-sdk": "1.0.1b6.post1", "azureml-interpret": "1.0.72.1", "azureml-explain-model": "1.0.72", "azureml-defaults": "1.0.72", "azureml-dataprep": "1.1.30", "azureml-dataprep-native": "13.1.0", "azureml-core": "1.0.72", "azureml-contrib-notebook": "1.0.72", "azureml-automl-core": "1.0.72.1"}.
2019-12-17 13:57:02,249 - INFO - 295 : [ParentRunID:AutoML_60b4f5bb-e17a-4a75-b33e-13eac4b2d1eb] Local run using input X and y.
2019-12-17 13:57:02,286 - INFO - 295 : Parent Run ID: AutoML_60b4f5bb-e17a-4a75-b33e-13eac4b2d1eb
2019-12-17 13:57:02,378 - INFO - 295 : [ParentRunId:AutoML_60b4f5bb-e17a-4a75-b33e-13eac4b2d1eb]Input X datatype is <class 'numpy.ndarray'>, shape is (353, 10), datasize is 28352.
2019-12-17 13:57:02,477 - INFO - 295 : [ParentRunId:AutoML_60b4f5bb-e17a-4a75-b33e-13eac4b2d1eb]Input y datatype is <class 'numpy.ndarray'>, shape is (353,), datasize is 2920.
2019-12-17 13:57:02,542 - INFO - 295 : ActivityStarted, PreProcess
2019-12-17 13:57:03,818 - INFO - 295 : Pre-processing user data
2019-12-17 13:57:03,837 - INFO - 295 : The size of raw data is: 31647
2019-12-17 13:57:03,960 - INFO - 295 : [YCol]RawFeatureStats:{"num_unique_vals": "194", "total_number_vals": "353", "total_number_vals_including_nans": "353", "num_na": "0", "column_type": "\"floating\"", "lengths": "null", "num_unique_lens": "0", "average_entry_length": "0", "average_number_spaces": "0", "cardinality_ratio": "0", "is_datetime": "false", "is_all_nan": "false"}
2019-12-17 13:57:04,035 - INFO - 295 : [XColNum:0]RawFeatureStats:{"num_unique_vals": "58", "total_number_vals": "353", "total_number_vals_including_nans": "353", "num_na": "0", "column_type": "\"floating\"", "lengths": "null", "num_unique_lens": "0", "average_entry_length": "0", "average_number_spaces": "0", "cardinality_ratio": "0", "is_datetime": "false", "is_all_nan": "false"}
2019-12-17 13:57:04,164 - INFO - 295 : [XColNum:1]RawFeatureStats:{"num_unique_vals": "2", "total_number_vals": "353", "total_number_vals_including_nans": "353", "num_na": "0", "column_type": "\"floating\"", "lengths": "null", "num_unique_lens": "0", "average_entry_length": "0", "average_number_spaces": "0", "cardinality_ratio": "0", "is_datetime": "false", "is_all_nan": "false"}
2019-12-17 13:57:04,262 - INFO - 295 : [XColNum:2]RawFeatureStats:{"num_unique_vals": "154", "total_number_vals": "353", "total_number_vals_including_nans": "353", "num_na": "0", "column_type": "\"floating\"", "lengths": "null", "num_unique_lens": "0", "average_entry_length": "0", "average_number_spaces": "0", "cardinality_ratio": "0", "is_datetime": "false", "is_all_nan": "false"}
2019-12-17 13:57:04,361 - INFO - 295 : [XColNum:3]RawFeatureStats:{"num_unique_vals": "91", "total_number_vals": "353", "total_number_vals_including_nans": "353", "num_na": "0", "column_type": "\"floating\"", "lengths": "null", "num_unique_lens": "0", "average_entry_length": "0", "average_number_spaces": "0", "cardinality_ratio": "0", "is_datetime": "false", "is_all_nan": "false"}
2019-12-17 13:57:04,455 - INFO - 295 : [XColNum:4]RawFeatureStats:{"num_unique_vals": "134", "total_number_vals": "353", "total_number_vals_including_nans": "353", "num_na": "0", "column_type": "\"floating\"", "lengths": "null", "num_unique_lens": "0", "average_entry_length": "0", "average_number_spaces": "0", "cardinality_ratio": "0", "is_datetime": "false", "is_all_nan": "false"}
2019-12-17 13:57:04,598 - INFO - 295 : [XColNum:5]RawFeatureStats:{"num_unique_vals": "260", "total_number_vals": "353", "total_number_vals_including_nans": "353", "num_na": "0", "column_type": "\"floating\"", "lengths": "null", "num_unique_lens": "0", "average_entry_length": "0", "average_number_spaces": "0", "cardinality_ratio": "0", "is_datetime": "false", "is_all_nan": "false"}
2019-12-17 13:57:04,687 - INFO - 295 : [XColNum:6]RawFeatureStats:{"num_unique_vals": "61", "total_number_vals": "353", "total_number_vals_including_nans": "353", "num_na": "0", "column_type": "\"floating\"", "lengths": "null", "num_unique_lens": "0", "average_entry_length": "0", "average_number_spaces": "0", "cardinality_ratio": "0", "is_datetime": "false", "is_all_nan": "false"}
2019-12-17 13:57:04,785 - INFO - 295 : [XColNum:7]RawFeatureStats:{"num_unique_vals": "58", "total_number_vals": "353", "total_number_vals_including_nans": "353", "num_na": "0", "column_type": "\"floating\"", "lengths": "null", "num_unique_lens": "0", "average_entry_length": "0", "average_number_spaces": "0", "cardinality_ratio": "0", "is_datetime": "false", "is_all_nan": "false"}
2019-12-17 13:57:04,843 - INFO - 295 : [XColNum:8]RawFeatureStats:{"num_unique_vals": "168", "total_number_vals": "353", "total_number_vals_including_nans": "353", "num_na": "0", "column_type": "\"floating\"", "lengths": "null", "num_unique_lens": "0", "average_entry_length": "0", "average_number_spaces": "0", "cardinality_ratio": "0", "is_datetime": "false", "is_all_nan": "false"}
2019-12-17 13:57:04,963 - INFO - 295 : [XColNum:9]RawFeatureStats:{"num_unique_vals": "56", "total_number_vals": "353", "total_number_vals_including_nans": "353", "num_na": "0", "column_type": "\"floating\"", "lengths": "null", "num_unique_lens": "0", "average_entry_length": "0", "average_number_spaces": "0", "cardinality_ratio": "0", "is_datetime": "false", "is_all_nan": "false"}
2019-12-17 13:57:05,075 - INFO - 295 : X datatype is <class 'numpy.ndarray'>, shape is (353, 10), datasize is 28352.
2019-12-17 13:57:05,212 - INFO - 295 : y datatype is <class 'numpy.ndarray'>, shape is (353,), datasize is 2920.
2019-12-17 13:57:05,344 - INFO - 295 : No preprocessing of data to be done here
2019-12-17 13:57:05,430 - INFO - 295 : Creating cross validations
2019-12-17 13:57:06,703 - INFO - 295 : Found cross validation type: KFoldCrossValidationSplit
2019-12-17 13:57:06,724 - INFO - 295 : Completed creating cross-validation folds and featurizing them
2019-12-17 13:57:06,849 - INFO - 295 : The size of transformed data is: 32749
2019-12-17 13:57:06,955 - INFO - 295 : ActivityCompleted: Activity=PreProcess, HowEnded=Success, Duration=4412.88 [ms]
2019-12-17 13:57:07,145 - INFO - 295 : memory usage 756768
2019-12-17 13:57:07,167 - INFO - 295 : child memory usage 755476
2019-12-17 13:57:07,321 - INFO - 295 : cpu time 475.657923
2019-12-17 13:57:07,442 - INFO - 295 : child cpu time 2.296688
2019-12-17 13:57:08,758 - INFO - 295 : Logging dataset information for AutoML_60b4f5bb-e17a-4a75-b33e-13eac4b2d1eb
2019-12-17 13:57:08,779 - INFO - 295 : [ParentRunId:AutoML_60b4f5bb-e17a-4a75-b33e-13eac4b2d1eb]X datatype is <class 'numpy.ndarray'>, shape is (353, 10), datasize is 28352.
2019-12-17 13:57:08,886 - INFO - 295 : [ParentRunId:AutoML_60b4f5bb-e17a-4a75-b33e-13eac4b2d1eb]y datatype is <class 'numpy.ndarray'>, shape is (353,), datasize is 2920.
2019-12-17 13:57:11,571 - INFO - 295 : Initialized ClientDatasets object from transformed_data_context.. deleting transformed_data_context.
2019-12-17 13:57:15,309 - INFO - 295 : Start local loop.
2019-12-17 13:57:15,340 - INFO - 295 : Start iteration: 0
2019-12-17 13:57:15,442 - INFO - 295 : ActivityStarted, FitIteration
2019-12-17 13:57:15,519 - INFO - 295 : ActivityStarted, GetPipeline
2019-12-17 13:57:15,565 - INFO - 295 : Querying Jasmine for next task.
2019-12-17 13:57:17,034 - INFO - 295 : ActivityCompleted: Activity=GetPipeline, HowEnded=Success, Duration=1515.01 [ms]
2019-12-17 13:57:17,057 - INFO - 295 : Received pipeline ID 97979b3edafb81e81476b4a3c3ac02da4c90eed5
2019-12-17 13:57:17,570 - INFO - 295 : memory usage 756768
2019-12-17 13:57:17,603 - INFO - 295 : child memory usage 755476
2019-12-17 13:57:17,740 - INFO - 295 : cpu time 477.017255
2019-12-17 13:57:17,793 - INFO - 295 : child cpu time 2.296688
2019-12-17 13:57:21,324 - INFO - 295 : [RunId:AutoML_60b4f5bb-e17a-4a75-b33e-13eac4b2d1eb_0]CPU logical cores: 2, CPU cores: 2, virtual memory: 4107849728, swap memory: 0.
2019-12-17 13:57:21,379 - INFO - 295 : [RunId:AutoML_60b4f5bb-e17a-4a75-b33e-13eac4b2d1eb_0]Platform information: Linux-4.14.29-linuxkit-x86_64-with-debian-stretch-sid.
2019-12-17 13:57:21,469 - INFO - 295 : All versions str:
{"zope.interface": "4.5.0", "zict": "0.1.3", "xlwt": "1.3.0", "xlsxwriter": "1.1.1", "xlrd": "1.1.0", "wrapt": "1.11.2", "word2vec": "0.10.2", "widgetsnbextension": "3.5.1", "wheel": "0.30.0", "wget": "3.2", "werkzeug": "0.14.1", "websocket-client": "0.56.0", "webencodings": "0.5.1", "wcwidth": "0.1.7", "urllib3": "1.23", "update-checker": "0.16", "unicodecsv": "0.14.1", "typing": "3.7.4.1", "typing-extensions": "3.7.4.1", "typed-ast": "1.1.0", "twisted": "18.7.0", "tubes": "0.2.0", "treq": "18.6.0", "traittypes": "0.2.1", "traitlets": "4.3.2", "tqdm": "4.26.0", "tornado": "4.5.3", "torchvision": "0.4.2", "torch": "1.3.1", "toolz": "0.9.0", "theano": "1.0.4", "tf2onnx": "1.5.3", "tf-estimator-nightly": "1.14.0.dev2019060501", "textwrap3": "0.9.2", "textblob": "0.15.3", "testpath": "0.4.2", "terminado": "0.8.1", "termcolor": "1.1.0", "tensorflow": "2.0.0b1", "tensorboard": "2.0.1", "tenacity": "6.0.0", "tblib": "1.3.2", "tb-nightly": "1.14.0a20190603", "tabulate": "0.8.2", "tables": "3.4.4", "sympy": "1.3", "statsmodels": "0.9.0", "sqlalchemy": "1.2.14", "spyder": "3.3.1", "spyder-kernels": "0.2.6", "sphinxcontrib-websupport": "1.1.0", "sphinx": "1.8.1", "sortedcontainers": "2.0.5", "sortedcollections": "1.0.1", "snowballstemmer": "1.2.1", "snakeviz": "2.0.1", "smart-open": "1.9.0", "sklearn": "0.0", "sklearn-pandas": "1.7.0", "skl2onnx": "1.4.9", "six": "1.11.0", "singledispatch": "3.4.0.3", "simplegeneric": "0.8.1", "shap": "0.29.3", "setuptools": "41.6.0", "service-identity": "17.0.0", "send2trash": "1.5.0", "secretstorage": "3.1.0", "seaborn": "0.9.0", "scrubadub": "1.2.1", "scipy": "1.1.0", "scikit-learn": "0.20.3", "scikit-image": "0.16.2", "scikit-bio": "0.5.5", "s3transfer": "0.1.13", "ruamel.yaml": "0.15.89", "ruamel-yaml": "0.15.46", "rsa": "4.0", "rpy2": "3.0.5", "rope": "0.11.0", "retrying": "1.3.3", "resource": "0.2.1", "requests": "2.22.0", "requests-oauthlib": "1.3.0", "qtpy": "1.5.1", "qtconsole": "4.4.2", "qtawesome": "0.5.0", "pyzmq": "17.1.2", "pyyaml": "3.13", "pywavelets": "1.0.1", "pyviz-comms": "0.6.0", "pytz": "2019.3", "python-easyconfig": "0.1.7", "python-dateutil": "2.8.1", "python-daemon": "2.1.2", "pytest": "3.8.2", "pytest-remotedata": "0.3.0", "pytest-openfiles": "0.3.0", "pytest-doctestplus": "0.1.3", "pytest-astropy": "0.4.0", "pytest-arraydiff": "0.2", "pyspark": "2.4.4", "pysocks": "1.6.8", "pyprof2calltree": "1.4.4", "pyparsing": "2.3.0", "pypachy": "0.1.5", "pyopenssl": "18.0.0", "pyodbc": "3.1.1", "pynacl": "1.3.0", "pymysql": "0.9.2", "pymssql": "2.1.1", "pympler": "0.7", "pymongo": "3.7.1", "pymc3": "3.7", "pymc": "2.3.6", "pylint": "2.1.1", "pykafka": "2.8.0", "pyjwt": "1.7.1", "pyhamcrest": "1.9.0", "pygments": "2.2.0", "pyglet": "1.3.2", "pygithub": "1.44.1", "pyflakes": "2.0.0", "pydot": "1.4.1", "pycurl": "7.43.0.2", "pycrypto": "2.6.1", "pycparser": "2.19", "pycosat": "0.6.3", "pycodestyle": "2.4.0", "pyasn1": "0.4.4", "pyasn1-modules": "0.2.2", "pyarrow": "0.13.0", "pyang": "2.1", "py4j": "0.10.7", "py": "1.6.0", "ptyprocess": "0.6.0", "psycopg2": "2.7.5", "psutil": "5.4.7", "protobuf": "3.10.0", "prompt-toolkit": "2.0.7", "prometheus-client": "0.4.2", "prettytable": "0.7.2", "prettypandas": "0.0.4", "portalocker": "1.5.1", "pmdarima": "1.1.1", "ply": "3.11", "pluggy": "0.7.1", "plotly": "4.2.1", "pkginfo": "1.4.2", "pip": "19.3.1", "pillow": "5.3.0", "pickleshare": "0.7.5", "phonenumbers": "8.10.22", "pexpect": "4.6.0", "pep8": "1.7.1", "pbr": "4.2.0", "patsy": "0.5.1", "pathspec": "0.6.0", "pathlib2": "2.3.2", "path.py": "11.1.0", "partd": "0.3.8", "parso": "0.3.1", "paramiko": "2.6.0", "param": "1.7.0", "papermill": "1.2.1", "pandocfilters": "1.4.2", "pandasql": "0.7.3", "pandas": "0.23.4", "packaging": "18.0", "openpyxl": "2.5.8", "openfst": "1.6.1", "onnxruntime": "1.0.0", "onnxmltools": "1.6.0", "onnxconverter-common": "1.6.0", "onnx": "1.6.0", "olefile": "0.46", "okpy": "1.13.11", "odo": "0.5.1", "oauthlib": "3.1.0", "numpydoc": "0.8.0", "numpy": "1.16.2", "numexpr": "2.6.8", "numba": "0.40.0", "notebook": "5.7.2", "nose": "1.3.7", "nltk": "3.3", "nimbusml": "1.5.0", "networkx": "2.2", "ndg-httpsclient": "0.5.1", "nbformat": "4.4.0", "nbconvert": "5.6.1", "navigator-updater": "0.2.1", "natsort": "5.4.0", "multipledispatch": "0.6.0", "multimethods": "1.0.0", "msrestazure": "0.6.2", "msrest": "0.6.10", "msgpack": "0.5.6", "mpmath": "1.0.0", "more-itertools": "4.3.0", "mock": "2.0.0", "mkl-random": "1.0.1", "mkl-fft": "1.0.6", "mistune": "0.8.4", "memory-profiler": "0.56.0", "mccabe": "0.6.1", "matplotlib": "3.0.0", "markupsafe": "1.1.0", "markdown": "3.0.1", "lxml": "4.2.5", "luigi": "2.8.2", "lockfile": "0.12.2", "locket": "0.2.0", "llvmlite": "0.25.0", "line-profiler": "2.1.2", "lightgbm": "2.3.0", "libarchive-c": "2.8", "liac-arff": "2.4.0", "lazy-object-proxy": "1.3.1", "lancet-ioam": "0.9.0", "kqlmagic": "0.1.107.post1", "knack": "0.5.1", "klein": "19.6.0", "kiwisolver": "1.0.1", "keyring": "13.2.1", "keras2onnx": "1.6.0", "keras": "2.3.1", "keras-preprocessing": "1.1.0", "keras-applications": "1.0.8", "kazoo": "2.5.0", "kafka-python": "1.4.7", "jupyterlab": "0.34.12", "jupyterlab-launcher": "0.13.1", "jupyter": "1.0.0", "jupyter-core": "4.4.0", "jupyter-console": "6.0.0", "jupyter-client": "5.2.3", "jsonsir": "0.0.2", "jsonschema": "2.6.0", "jsonpickle": "1.2", "jsonform": "0.0.2", "json-logging-py": "0.2", "joblib": "0.14.0", "jmespath": "0.9.4", "jinja2": "2.10", "jeepney": "0.4", "jedi": "0.13.1", "jdcal": "1.4", "itsdangerous": "0.24", "isort": "4.3.4", "isodate": "0.6.0", "ipywidgets": "7.5.1", "ipython": "7.1.1", "ipython-genutils": "0.2.0", "ipykernel": "5.1.3", "interpret-core": "0.1.18", "interpret-community": "0.1.0.3.2", "incremental": "17.5.0", "imagesize": "1.1.0", "imageio": "2.4.1", "idna": "2.7", "hyperlink": "18.0.0", "humanfriendly": "4.18", "html5lib": "0.9999999", "holoviews": "1.10.7", "heapdict": "1.0.0", "hdmedians": "0.13", "h5py": "2.8.0", "gym": "0.15.3", "gunicorn": "19.9.0", "grpcio": "1.25.0", "greenlet": "0.4.15", "graphviz": "0.13.2", "google-pasta": "0.1.8", "google-auth": "1.7.0", "google-auth-oauthlib": "0.4.1", "gmpy2": "2.0.8", "glob2": "0.6", "ggplot": "0.11.5", "gevent": "1.3.6", "gensim": "3.8.1", "gdal": "2.3.0", "gast": "0.3.2", "futures": "3.1.1", "future": "0.16.0", "fusepy": "3.0.1", "ftfy": "5.3.0", "folium": "0.2.1", "flask": "1.0.3", "flask-cors": "3.0.6", "fire": "0.2.1", "filelock": "3.0.8", "feedparser": "5.2.1", "fastcache": "1.0.2", "et-xmlfile": "1.0.1", "entrypoints": "0.2.3", "elasticsearch": "7.0.5", "edward": "1.3.5", "dotnetcore2": "2.1.10", "dora": "0.0.2", "docutils": "0.14", "docopt": "0.6.2", "docker": "4.1.0", "docker-pycreds": "0.4.0", "docker-py": "1.10.6", "distro": "1.4.0", "distributed": "1.23.3", "dill": "0.3.1.1", "deprecated": "1.2.6", "defusedxml": "0.5.0", "decorator": "4.3.0", "datashape": "0.5.4", "datascience": "0.10.6", "datacleaner": "0.1.5", "dask": "0.19.3", "cytoolz": "0.9.0.1", "cython": "0.29.14", "cycler": "0.10.0", "cryptography": "2.3.1", "coveralls": "0.5", "coverage": "3.7.1", "contextlib2": "0.5.5", "constantly": "15.1.0", "configparser": "3.7.4", "conda": "4.5.11", "conda-build": "3.16.0", "colorama": "0.3.9", "cntk": "2.5.1", "clyent": "1.2.2", "cloudpickle": "1.2.2", "click": "7.0", "chardet": "3.0.4", "characteristic": "14.3.0", "cffi": "1.11.5", "certifi": "2018.10.15", "cachetools": "3.1.1", "cachecontrol": "0.12.5", "bz2file": "0.98", "brewer2mpl": "1.4.1", "bqplot": "0.12.0", "bottleneck": "1.2.1", "botocore": "1.8.50", "boto3": "1.4.8", "boto": "2.49.0", "bokeh": "0.13.0", "bleach": "1.5.0", "blaze": "0.11.3", "bkcharts": "0.2", "bitarray": "0.8.3", "beautifulsoup4": "4.6.3", "beautifier": "0.5.5", "bcrypt": "3.1.7", "backports.weakref": "1.0rc1", "backports.tempfile": "1.0", "backports.shutil-get-terminal-size": "1.0.0", "backcall": "0.1.0", "babel": "2.6.0", "azureml-widgets": "1.0.72", "azureml-train": "1.0.72", "azureml-train-restclients-hyperdrive": "1.0.72", "azureml-train-core": "1.0.72", "azureml-train-automl": "1.0.72", "azureml-telemetry": "1.0.72", "azureml-sdk": "1.0.72", "azureml-pipeline": "1.0.72", "azureml-pipeline-steps": "1.0.72", "azureml-pipeline-core": "1.0.72", "azureml-opendatasets": "1.0.72.1", "azureml-model-management-sdk": "1.0.1b6.post1", "azureml-interpret": "1.0.72.1", "azureml-explain-model": "1.0.72", "azureml-defaults": "1.0.72", "azureml-dataprep": "1.1.30", "azureml-dataprep-native": "13.1.0", "azureml-core": "1.0.72", "azureml-contrib-notebook": "1.0.72", "azureml-automl-core": "1.0.72.1", "azure": "4.0.0", "azure-storage-queue": "2.1.0", "azure-storage-file": "1.4.0", "azure-storage-common": "2.1.0", "azure-storage-blob": "2.1.0", "azure-servicemanagement-legacy": "0.20.6", "azure-servicefabric": "6.3.0.0", "azure-servicebus": "0.21.1", "azure-nspkg": "3.0.2", "azure-mgmt": "4.0.0", "azure-mgmt-web": "0.35.0", "azure-mgmt-trafficmanager": "0.50.0", "azure-mgmt-subscription": "0.2.0", "azure-mgmt-storage": "2.0.0", "azure-mgmt-sql": "0.9.1", "azure-mgmt-signalr": "0.1.1", "azure-mgmt-servicefabric": "0.2.0", "azure-mgmt-servicebus": "0.5.3", "azure-mgmt-search": "2.1.0", "azure-mgmt-scheduler": "2.0.0", "azure-mgmt-resource": "2.0.0", "azure-mgmt-reservations": "0.2.1", "azure-mgmt-relay": "0.1.0", "azure-mgmt-redis": "5.0.0", "azure-mgmt-recoveryservicesbackup": "0.3.0", "azure-mgmt-recoveryservices": "0.3.0", "azure-mgmt-rdbms": "1.9.0", "azure-mgmt-powerbiembedded": "2.0.0", "azure-mgmt-policyinsights": "0.1.0", "azure-mgmt-nspkg": "3.0.2", "azure-mgmt-notificationhubs": "2.1.0", "azure-mgmt-network": "2.7.0", "azure-mgmt-msi": "0.2.0", "azure-mgmt-monitor": "0.5.2", "azure-mgmt-media": "1.0.0", "azure-mgmt-marketplaceordering": "0.1.0", "azure-mgmt-maps": "0.1.0", "azure-mgmt-managementpartner": "0.1.1", "azure-mgmt-managementgroups": "0.1.0", "azure-mgmt-machinelearningcompute": "0.4.1", "azure-mgmt-logic": "3.0.0", "azure-mgmt-loganalytics": "0.2.0", "azure-mgmt-keyvault": "1.1.0", "azure-mgmt-iothubprovisioningservices": "0.2.0", "azure-mgmt-iothub": "0.5.0", "azure-mgmt-iotcentral": "0.1.0", "azure-mgmt-hanaonazure": "0.1.1", "azure-mgmt-eventhub": "2.6.0", "azure-mgmt-eventgrid": "1.0.0", "azure-mgmt-dns": "2.1.0", "azure-mgmt-devtestlabs": "2.2.0", "azure-mgmt-devspaces": "0.1.0", "azure-mgmt-datamigration": "1.0.0", "azure-mgmt-datalake-store": "0.5.0", "azure-mgmt-datalake-nspkg": "3.0.1", "azure-mgmt-datalake-analytics": "0.6.0", "azure-mgmt-datafactory": "0.6.0", "azure-mgmt-cosmosdb": "0.4.1", "azure-mgmt-containerservice": "4.4.0", "azure-mgmt-containerregistry": "2.8.0", "azure-mgmt-containerinstance": "1.5.0", "azure-mgmt-consumption": "2.0.0", "azure-mgmt-compute": "4.6.2", "azure-mgmt-commerce": "1.0.1", "azure-mgmt-cognitiveservices": "3.0.0", "azure-mgmt-cdn": "3.1.0", "azure-mgmt-billing": "0.2.0", "azure-mgmt-batchai": "2.0.0", "azure-mgmt-batch": "5.0.1", "azure-mgmt-authorization": "0.50.0", "azure-mgmt-applicationinsights": "0.1.1", "azure-mgmt-advisor": "1.0.1", "azure-loganalytics": "0.1.0", "azure-kusto-ingest": "0.0.38", "azure-kusto-data": "0.0.38", "azure-keyvault": "1.1.0", "azure-graphrbac": "0.40.0", "azure-eventgrid": "1.3.0", "azure-datalake-store": "0.0.48", "azure-cosmosdb-table": "1.0.6", "azure-cosmosdb-nspkg": "2.0.2", "azure-common": "1.1.23", "azure-cli-telemetry": "1.0.4", "azure-cli-nspkg": "3.0.4", "azure-cli-core": "2.0.54", "azure-batch": "4.1.3", "azure-applicationinsights": "0.1.0", "automat": "0.7.0", "attrs": "18.2.0", "atomicwrites": "1.2.1", "astropy": "3.0.4", "astroid": "2.0.4", "astor": "0.8.0", "asn1crypto": "0.24.0", "arrow": "0.15.4", "argcomplete": "1.10.0", "applicationinsights": "0.11.9", "appdirs": "1.4.3", "antlr4-python3-runtime": "4.7.2", "ansiwrap": "0.8.4", "anaconda-project": "0.8.2", "anaconda-navigator": "1.9.2", "anaconda-client": "1.7.2", "altair": "3.2.0", "alabaster": "0.7.11", "adal": "1.2.2", "absl-py": "0.8.1"}
2019-12-17 13:57:21,542 - INFO - 295 : [RunId:AutoML_60b4f5bb-e17a-4a75-b33e-13eac4b2d1eb_0][Starting fit_pipeline]memory usage 756768
2019-12-17 13:57:21,650 - INFO - 295 : [RunId:AutoML_60b4f5bb-e17a-4a75-b33e-13eac4b2d1eb_0][Starting fit_pipeline]child memory usage 755476
2019-12-17 13:57:21,736 - INFO - 295 : [RunId:AutoML_60b4f5bb-e17a-4a75-b33e-13eac4b2d1eb_0][Starting fit_pipeline]cpu time 477.298012
2019-12-17 13:57:21,883 - INFO - 295 : [RunId:AutoML_60b4f5bb-e17a-4a75-b33e-13eac4b2d1eb_0][Starting fit_pipeline]child cpu time 2.296688
2019-12-17 13:57:21,948 - INFO - 295 : [RunId:AutoML_60b4f5bb-e17a-4a75-b33e-13eac4b2d1eb_0]CPU logical cores: 2, CPU cores: 2, virtual memory: 4107849728, swap memory: 0.
2019-12-17 13:57:22,025 - INFO - 295 : [RunId:AutoML_60b4f5bb-e17a-4a75-b33e-13eac4b2d1eb_0]Platform information: Linux-4.14.29-linuxkit-x86_64-with-debian-stretch-sid.
2019-12-17 13:57:22,091 - INFO - 295 : Using child run AutoML_60b4f5bb-e17a-4a75-b33e-13eac4b2d1eb_0
2019-12-17 13:57:22,242 - INFO - 295 : [RunId:AutoML_60b4f5bb-e17a-4a75-b33e-13eac4b2d1eb_0][Before preprocess]memory usage 756768
2019-12-17 13:57:22,315 - INFO - 295 : [RunId:AutoML_60b4f5bb-e17a-4a75-b33e-13eac4b2d1eb_0][Before preprocess]child memory usage 755476
2019-12-17 13:57:22,571 - INFO - 295 : [RunId:AutoML_60b4f5bb-e17a-4a75-b33e-13eac4b2d1eb_0][Before preprocess]cpu time 477.399599
2019-12-17 13:57:22,638 - INFO - 295 : [RunId:AutoML_60b4f5bb-e17a-4a75-b33e-13eac4b2d1eb_0][Before preprocess]child cpu time 2.296688
2019-12-17 13:57:22,704 - INFO - 295 : [RunId:AutoML_60b4f5bb-e17a-4a75-b33e-13eac4b2d1eb_0][Before executing pipeline]memory usage 756768
2019-12-17 13:57:22,785 - INFO - 295 : [RunId:AutoML_60b4f5bb-e17a-4a75-b33e-13eac4b2d1eb_0][Before executing pipeline]child memory usage 755476
2019-12-17 13:57:22,913 - INFO - 295 : [RunId:AutoML_60b4f5bb-e17a-4a75-b33e-13eac4b2d1eb_0][Before executing pipeline]cpu time 477.432895
2019-12-17 13:57:22,978 - INFO - 295 : [RunId:AutoML_60b4f5bb-e17a-4a75-b33e-13eac4b2d1eb_0][Before executing pipeline]child cpu time 2.296688
2019-12-17 13:57:23,066 - INFO - 295 : Start executing pipeline {"objects": [{"class_name": "StandardScaler", "module": "sklearn.preprocessing", "param_args": [], "param_kwargs": {"with_mean": false, "with_std": false}, "prepared_kwargs": {}, "spec_class": "preproc"}, {"class_name": "RandomForestRegressor", "module": "sklearn.ensemble", "param_args": [], "param_kwargs": {"bootstrap": false, "criterion": "mse", "max_features": "sqrt", "min_samples_leaf": 0.05040306135985514, "min_samples_split": 0.002602463309528381, "n_estimators": 25}, "prepared_kwargs": {}, "spec_class": "sklearn"}], "pipeline_id": "97979b3edafb81e81476b4a3c3ac02da4c90eed5"}.
2019-12-17 13:57:23,138 - INFO - 295 : Running with the following AutoML settings:
 - name: my-third-experiment
 - subscription_id: f6b4e95b-44f4-4587-865a-97ade75f98f6
 - region: southeastasia
 - spark_context: None
 - spark_service: None
 - azure_service: None
 - iterations: 3
 - primary_metric: spearman_correlation
 - task_type: regression
 - validation_size: 0.0
 - n_cross_validations: 5
 - y_min: 25.0
 - y_max: 346.0
 - num_classes: None
 - featurization: off
 - preprocess: False
 - lag_length: 0
 - is_timeseries: False
 - max_cores_per_iteration: 1
 - max_concurrent_iterations: 1
 - iteration_timeout_minutes: 10
 - mem_in_mb: None
 - enforce_time_on_windows: False
 - experiment_timeout_minutes: None
 - experiment_exit_score: None
 - whitelist_models: None
 - blacklist_algos: ['XGBoostRegressor', 'Prophet']
 - supported_models: ['ElasticNet', 'GradientBoosting', 'DecisionTree', 'KNN', 'LassoLars', 'SGD', 'RandomForest', 'ExtremeRandomTrees', 'LightGBM', 'XGBoostRegressor', 'FastLinearRegressor', 'OnlineGradientDescentRegressor', 'TensorFlowLinearRegressor', 'TensorFlowDNN']
 - auto_blacklist: True
 - blacklist_samples_reached: False
 - exclude_nan_labels: True
 - verbosity: 20
 - show_warnings: False
 - model_explainability: False
 - service_url: None
 - sdk_url: None
 - sdk_packages: None
 - enable_onnx_compatible_models: False
 - enable_split_onnx_featurizer_estimator_models: False
 - vm_type: None
 - telemetry_verbosity: INFO
 - send_telemetry: True
 - enable_dnn: False
 - enable_feature_sweeping: True
 - enable_early_stopping: False
 - early_stopping_n_iters: 10
 - metrics: None
 - enable_ensembling: False
 - enable_stack_ensembling: False
 - ensemble_iterations: None
 - enable_tf: False
 - enable_cache: True
 - enable_subsampling: False
 - subsample_seed: None
 - enable_nimbusml: False
 - enable_streaming: False
 - label_column_name: None
 - weight_column_name: None
 - cost_mode: 0
 - metric_operation: maximize
2019-12-17 13:57:23,211 - INFO - 295 : Component PrepareData finished after 0.02921845 minutes.
2019-12-17 13:57:23,321 - INFO - 295 : ActivityStarted: RunPipeline
2019-12-17 13:57:24,420 - INFO - 295 : Limits set to mem_in_mb=None, wall_time_in_s=600, total_wall_time_in_s=31449600, cpu_time_in_s=None, num_processes=None, grace_period_in_s=None, 
2019-12-17 13:57:24,446 - INFO - 295 : Calling function <bound method ClientRunner._run of <automl.client.core.runtime.runner.ClientRunner object at 0x7f4c2cffff60>> with argument types: [<class 'automl.client.core.runtime.datasets.ClientDatasets'>, <class 'automl.client.core.runtime.pipeline_spec.PipelineSpec'>, <class 'automl.client.core.runtime.problem_info.ProblemInfo'>], {'sets_to_run': <class 'list'>, 'subsample_percent': <class 'float'>, 'random_state': <class 'NoneType'>, 'subsample_seed': <class 'NoneType'>, 'include_models': <class 'bool'>}
2019-12-17 13:57:27,866 - INFO - 295 : memory usage 756768
2019-12-17 13:57:27,894 - INFO - 295 : child memory usage 755476
2019-12-17 13:57:27,958 - INFO - 295 : cpu time 477.66025
2019-12-17 13:57:28,030 - INFO - 295 : child cpu time 2.296688
2019-12-17 13:57:38,090 - INFO - 295 : memory usage 756768
2019-12-17 13:57:38,113 - INFO - 295 : child memory usage 755476
2019-12-17 13:57:38,193 - INFO - 295 : cpu time 477.765203
2019-12-17 13:57:38,258 - INFO - 295 : child cpu time 2.296688
2019-12-17 13:57:41,332 - INFO - 437 : ActivityStarted: Run
2019-12-17 13:57:41,384 - INFO - 437 : ActivityStarted: RunCV
2019-12-17 13:57:41,436 - INFO - 437 : ActivityStarted: TimeFit
2019-12-17 13:57:41,604 - INFO - 455 : ActivityCompleted: Activity=TimeFit, HowEnded=Success, Duration=168.26[ms]
2019-12-17 13:57:41,626 - INFO - 437 : ActivityStarted: ComputeMetrics
2019-12-17 13:57:41,678 - INFO - 437 : ActivityStarted: Predict
2019-12-17 13:57:41,826 - INFO - 455 : ActivityCompleted: Activity=Predict, HowEnded=Success, Duration=148.33[ms]
2019-12-17 13:57:41,920 - INFO - 295 : Regression metrics debug: {'y_test': (71,), 'y_pred': (71,), 'sample_weight': None}
2019-12-17 13:57:42,040 - INFO - 455 : ActivityCompleted: Activity=ComputeMetrics, HowEnded=Success, Duration=414.08[ms]
2019-12-17 13:57:42,101 - INFO - 437 : ActivityStarted: TimeFit
2019-12-17 13:57:42,348 - INFO - 455 : ActivityCompleted: Activity=TimeFit, HowEnded=Success, Duration=247.23[ms]
2019-12-17 13:57:42,864 - INFO - 437 : ActivityStarted: ComputeMetrics
2019-12-17 13:57:42,885 - INFO - 437 : ActivityStarted: Predict
2019-12-17 13:57:42,983 - INFO - 455 : ActivityCompleted: Activity=Predict, HowEnded=Success, Duration=97.69[ms]
2019-12-17 13:57:43,075 - INFO - 295 : Regression metrics debug: {'y_test': (71,), 'y_pred': (71,), 'sample_weight': None}
2019-12-17 13:57:43,178 - INFO - 455 : ActivityCompleted: Activity=ComputeMetrics, HowEnded=Success, Duration=313.95[ms]
2019-12-17 13:57:43,222 - INFO - 437 : ActivityStarted: TimeFit
2019-12-17 13:57:43,408 - INFO - 455 : ActivityCompleted: Activity=TimeFit, HowEnded=Success, Duration=185.71[ms]
2019-12-17 13:57:43,423 - INFO - 437 : ActivityStarted: ComputeMetrics
2019-12-17 13:57:43,494 - INFO - 437 : ActivityStarted: Predict
2019-12-17 13:57:43,580 - INFO - 455 : ActivityCompleted: Activity=Predict, HowEnded=Success, Duration=85.47[ms]
2019-12-17 13:57:43,660 - INFO - 295 : Regression metrics debug: {'y_test': (71,), 'y_pred': (71,), 'sample_weight': None}
2019-12-17 13:57:43,848 - INFO - 455 : ActivityCompleted: Activity=ComputeMetrics, HowEnded=Success, Duration=425.07[ms]
2019-12-17 13:57:44,184 - INFO - 437 : ActivityStarted: TimeFit
2019-12-17 13:57:44,290 - INFO - 455 : ActivityCompleted: Activity=TimeFit, HowEnded=Success, Duration=106.22[ms]
2019-12-17 13:57:44,306 - INFO - 437 : ActivityStarted: ComputeMetrics
2019-12-17 13:57:44,397 - INFO - 437 : ActivityStarted: Predict
2019-12-17 13:57:44,482 - INFO - 455 : ActivityCompleted: Activity=Predict, HowEnded=Success, Duration=85.25[ms]
2019-12-17 13:57:44,552 - INFO - 295 : Regression metrics debug: {'y_test': (70,), 'y_pred': (70,), 'sample_weight': None}
2019-12-17 13:57:44,722 - INFO - 455 : ActivityCompleted: Activity=ComputeMetrics, HowEnded=Success, Duration=407.21[ms]
2019-12-17 13:57:44,786 - INFO - 437 : ActivityStarted: TimeFit
2019-12-17 13:57:44,996 - INFO - 455 : ActivityCompleted: Activity=TimeFit, HowEnded=Success, Duration=209.24[ms]
2019-12-17 13:57:45,021 - INFO - 437 : ActivityStarted: ComputeMetrics
2019-12-17 13:57:45,098 - INFO - 437 : ActivityStarted: Predict
2019-12-17 13:57:45,620 - INFO - 455 : ActivityCompleted: Activity=Predict, HowEnded=Success, Duration=521.57[ms]
2019-12-17 13:57:45,638 - INFO - 295 : Regression metrics debug: {'y_test': (70,), 'y_pred': (70,), 'sample_weight': None}
2019-12-17 13:57:45,794 - INFO - 455 : ActivityCompleted: Activity=ComputeMetrics, HowEnded=Success, Duration=773.44[ms]
2019-12-17 13:57:45,854 - INFO - 455 : ActivityCompleted: Activity=RunCV, HowEnded=Success, Duration=4469.7[ms]
2019-12-17 13:57:45,945 - INFO - 437 : ActivityStarted: RunCVMean
2019-12-17 13:57:46,046 - INFO - 455 : ActivityCompleted: Activity=RunCVMean, HowEnded=Success, Duration=101.6[ms]
2019-12-17 13:57:46,608 - INFO - 455 : ActivityCompleted: Activity=Run, HowEnded=Success, Duration=5275.64[ms]
2019-12-17 13:57:48,328 - INFO - 295 : memory usage 756768
2019-12-17 13:57:48,495 - INFO - 295 : child memory usage 755476
2019-12-17 13:57:48,610 - INFO - 295 : cpu time 477.889534
2019-12-17 13:57:48,709 - INFO - 295 : child cpu time 2.296688
2019-12-17 13:57:49,051 - INFO - 295 : Limits set to mem_in_mb=None, wall_time_in_s=600, total_wall_time_in_s=31449600, cpu_time_in_s=None, num_processes=None, grace_period_in_s=None, 
2019-12-17 13:57:49,081 - INFO - 295 : Calling function <bound method ClientRunner._run of <automl.client.core.runtime.runner.ClientRunner object at 0x7f4c2cffff60>> with argument types: [<class 'automl.client.core.runtime.datasets.ClientDatasets'>, <class 'automl.client.core.runtime.pipeline_spec.PipelineSpec'>, <class 'automl.client.core.runtime.problem_info.ProblemInfo'>], {'sets_to_run': <class 'list'>, 'subsample_percent': <class 'NoneType'>, 'random_state': <class 'NoneType'>, 'subsample_seed': <class 'int'>, 'include_models': <class 'bool'>}
2019-12-17 13:57:58,811 - INFO - 295 : memory usage 756768
2019-12-17 13:57:58,851 - INFO - 295 : child memory usage 755476
2019-12-17 13:57:58,930 - INFO - 295 : cpu time 478.037018
2019-12-17 13:57:58,983 - INFO - 295 : child cpu time 20.178668
2019-12-17 13:58:05,543 - INFO - 437 : ActivityStarted: Run
2019-12-17 13:58:05,566 - INFO - 437 : ActivityStarted: TrainFull
2019-12-17 13:58:05,667 - INFO - 437 : ActivityStarted: TimeFit
2019-12-17 13:58:05,854 - INFO - 455 : ActivityCompleted: Activity=TimeFit, HowEnded=Success, Duration=186.49[ms]
2019-12-17 13:58:05,869 - INFO - 437 : ActivityStarted: ComputeMetrics
2019-12-17 13:58:05,950 - INFO - 437 : ActivityStarted: Predict
2019-12-17 13:58:06,042 - INFO - 455 : ActivityCompleted: Activity=Predict, HowEnded=Success, Duration=92.27[ms]
2019-12-17 13:58:06,130 - INFO - 295 : Regression metrics debug: {'y_test': (353,), 'y_pred': (353,), 'sample_weight': None}
2019-12-17 13:58:06,232 - INFO - 455 : ActivityCompleted: Activity=ComputeMetrics, HowEnded=Success, Duration=363.25[ms]
2019-12-17 13:58:06,280 - INFO - 455 : ActivityCompleted: Activity=TrainFull, HowEnded=Success, Duration=713.48[ms]
2019-12-17 13:58:06,748 - INFO - 455 : ActivityCompleted: Activity=Run, HowEnded=Success, Duration=1204.7[ms]
2019-12-17 13:58:09,034 - INFO - 295 : memory usage 756768
2019-12-17 13:58:09,069 - INFO - 295 : child memory usage 755476
2019-12-17 13:58:09,175 - INFO - 295 : cpu time 478.154399
2019-12-17 13:58:09,126 - INFO - 295 : ActivityCompleted: Activity=RunPipeline, HowEnded=Success, Duration=45805.55[ms]
2019-12-17 13:58:09,240 - INFO - 295 : child cpu time 20.178668
2019-12-17 13:58:09,315 - INFO - 295 : [RunId:AutoML_60b4f5bb-e17a-4a75-b33e-13eac4b2d1eb_0][After executing pipeline]memory usage 756768
2019-12-17 13:58:09,467 - INFO - 295 : [RunId:AutoML_60b4f5bb-e17a-4a75-b33e-13eac4b2d1eb_0][After executing pipeline]child memory usage 755476
2019-12-17 13:58:09,537 - INFO - 295 : [RunId:AutoML_60b4f5bb-e17a-4a75-b33e-13eac4b2d1eb_0][After executing pipeline]cpu time 478.180608
2019-12-17 13:58:09,615 - INFO - 295 : [RunId:AutoML_60b4f5bb-e17a-4a75-b33e-13eac4b2d1eb_0][After executing pipeline]child cpu time 36.075241
2019-12-17 13:58:09,704 - INFO - 295 : Pipeline execution finished with a score of 0.7005031132617955
2019-12-17 13:58:09,781 - INFO - 295 : Start logging metrics for child run.
2019-12-17 13:58:09,856 - INFO - 295 : ActivityStarted: MetricsAndSaveModel
2019-12-17 13:58:17,515 - WARNING - 295 : Did not recognize metric: train time. Will not log.
2019-12-17 13:58:17,546 - WARNING - 295 : Did not recognize metric: fit_time. Will not log.
2019-12-17 13:58:17,625 - WARNING - 295 : Did not recognize metric: predict_time. Will not log.
2019-12-17 13:58:17,689 - INFO - 295 : run_id:AutoML_60b4f5bb-e17a-4a75-b33e-13eac4b2d1eb_0, pipeline_id:97979b3edafb81e81476b4a3c3ac02da4c90eed5,The following metrics have been logged for the child run: {'residuals': <class 'dict'>, 'spearman_correlation': 0.7005031132617955, 'explained_variance': 0.503562686438295, 'r2_score': 0.48505309910736844, 'mean_absolute_error': 46.16833328297686, 'predicted_true': <class 'dict'>, 'mean_absolute_percentage_error': 41.900934657214066, 'normalized_mean_absolute_error': 0.14382658343606497, 'normalized_root_mean_squared_log_error': 0.16660609486495176, 'median_absolute_error': 43.1172996557121, 'root_mean_squared_log_error': 0.4317144182909615, 'normalized_median_absolute_error': 0.13432180578103456, 'root_mean_squared_error': 55.44254026521379, 'normalized_root_mean_squared_error': 0.1727181939726286, 'train time': 0.369325, 'fit_time': 0.1098678, 'predict_time': 0.25945720000000005}.
2019-12-17 13:58:19,405 - INFO - 295 : memory usage 756768
2019-12-17 13:58:19,426 - INFO - 295 : child memory usage 755476
2019-12-17 13:58:19,516 - INFO - 295 : cpu time 479.010558
2019-12-17 13:58:19,638 - INFO - 295 : child cpu time 36.075241
2019-12-17 13:58:20,356 - INFO - 295 : Component CompleteRun finished after 0.9816268666666667 minutes.
2019-12-17 13:58:20,389 - INFO - 295 : ActivityCompleted: Activity=MetricsAndSaveModel, HowEnded=Success, Duration=10533.02[ms]
2019-12-17 13:58:23,755 - INFO - 295 : [RunId:AutoML_60b4f5bb-e17a-4a75-b33e-13eac4b2d1eb_0][End fit_pipeline]memory usage 756768
2019-12-17 13:58:23,803 - INFO - 295 : [RunId:AutoML_60b4f5bb-e17a-4a75-b33e-13eac4b2d1eb_0][End fit_pipeline]child memory usage 755476
2019-12-17 13:58:23,899 - INFO - 295 : [RunId:AutoML_60b4f5bb-e17a-4a75-b33e-13eac4b2d1eb_0][End fit_pipeline]cpu time 479.29435
2019-12-17 13:58:23,957 - INFO - 295 : [RunId:AutoML_60b4f5bb-e17a-4a75-b33e-13eac4b2d1eb_0][End fit_pipeline]child cpu time 36.075241
2019-12-17 13:58:24,057 - INFO - 295 : ActivityCompleted: Activity=FitIteration, HowEnded=Success, Duration=68615.13 [ms]
2019-12-17 13:58:24,102 - INFO - 295 : Start iteration: 1
2019-12-17 13:58:24,221 - INFO - 295 : ActivityStarted, FitIteration
2019-12-17 13:58:24,313 - INFO - 295 : ActivityStarted, GetPipeline
2019-12-17 13:58:24,386 - INFO - 295 : Querying Jasmine for next task.
2019-12-17 13:58:26,199 - INFO - 295 : ActivityCompleted: Activity=GetPipeline, HowEnded=Success, Duration=1886.57 [ms]
2019-12-17 13:58:26,224 - INFO - 295 : Received pipeline ID 509be37c39972b34deee7a2fde5a747d91172465
2019-12-17 13:58:29,746 - INFO - 295 : memory usage 756768
2019-12-17 13:58:29,791 - INFO - 295 : child memory usage 755476
2019-12-17 13:58:29,954 - INFO - 295 : cpu time 479.669296
2019-12-17 13:58:30,011 - INFO - 295 : child cpu time 36.075241
2019-12-17 13:58:30,444 - INFO - 295 : [RunId:AutoML_60b4f5bb-e17a-4a75-b33e-13eac4b2d1eb_1]CPU logical cores: 2, CPU cores: 2, virtual memory: 4107849728, swap memory: 0.
2019-12-17 13:58:30,475 - INFO - 295 : [RunId:AutoML_60b4f5bb-e17a-4a75-b33e-13eac4b2d1eb_1]Platform information: Linux-4.14.29-linuxkit-x86_64-with-debian-stretch-sid.
2019-12-17 13:58:30,560 - INFO - 295 : All versions str:
{"zope.interface": "4.5.0", "zict": "0.1.3", "xlwt": "1.3.0", "xlsxwriter": "1.1.1", "xlrd": "1.1.0", "wrapt": "1.11.2", "word2vec": "0.10.2", "widgetsnbextension": "3.5.1", "wheel": "0.30.0", "wget": "3.2", "werkzeug": "0.14.1", "websocket-client": "0.56.0", "webencodings": "0.5.1", "wcwidth": "0.1.7", "urllib3": "1.23", "update-checker": "0.16", "unicodecsv": "0.14.1", "typing": "3.7.4.1", "typing-extensions": "3.7.4.1", "typed-ast": "1.1.0", "twisted": "18.7.0", "tubes": "0.2.0", "treq": "18.6.0", "traittypes": "0.2.1", "traitlets": "4.3.2", "tqdm": "4.26.0", "tornado": "4.5.3", "torchvision": "0.4.2", "torch": "1.3.1", "toolz": "0.9.0", "theano": "1.0.4", "tf2onnx": "1.5.3", "tf-estimator-nightly": "1.14.0.dev2019060501", "textwrap3": "0.9.2", "textblob": "0.15.3", "testpath": "0.4.2", "terminado": "0.8.1", "termcolor": "1.1.0", "tensorflow": "2.0.0b1", "tensorboard": "2.0.1", "tenacity": "6.0.0", "tblib": "1.3.2", "tb-nightly": "1.14.0a20190603", "tabulate": "0.8.2", "tables": "3.4.4", "sympy": "1.3", "statsmodels": "0.9.0", "sqlalchemy": "1.2.14", "spyder": "3.3.1", "spyder-kernels": "0.2.6", "sphinxcontrib-websupport": "1.1.0", "sphinx": "1.8.1", "sortedcontainers": "2.0.5", "sortedcollections": "1.0.1", "snowballstemmer": "1.2.1", "snakeviz": "2.0.1", "smart-open": "1.9.0", "sklearn": "0.0", "sklearn-pandas": "1.7.0", "skl2onnx": "1.4.9", "six": "1.11.0", "singledispatch": "3.4.0.3", "simplegeneric": "0.8.1", "shap": "0.29.3", "setuptools": "41.6.0", "service-identity": "17.0.0", "send2trash": "1.5.0", "secretstorage": "3.1.0", "seaborn": "0.9.0", "scrubadub": "1.2.1", "scipy": "1.1.0", "scikit-learn": "0.20.3", "scikit-image": "0.16.2", "scikit-bio": "0.5.5", "s3transfer": "0.1.13", "ruamel.yaml": "0.15.89", "ruamel-yaml": "0.15.46", "rsa": "4.0", "rpy2": "3.0.5", "rope": "0.11.0", "retrying": "1.3.3", "resource": "0.2.1", "requests": "2.22.0", "requests-oauthlib": "1.3.0", "qtpy": "1.5.1", "qtconsole": "4.4.2", "qtawesome": "0.5.0", "pyzmq": "17.1.2", "pyyaml": "3.13", "pywavelets": "1.0.1", "pyviz-comms": "0.6.0", "pytz": "2019.3", "python-easyconfig": "0.1.7", "python-dateutil": "2.8.1", "python-daemon": "2.1.2", "pytest": "3.8.2", "pytest-remotedata": "0.3.0", "pytest-openfiles": "0.3.0", "pytest-doctestplus": "0.1.3", "pytest-astropy": "0.4.0", "pytest-arraydiff": "0.2", "pyspark": "2.4.4", "pysocks": "1.6.8", "pyprof2calltree": "1.4.4", "pyparsing": "2.3.0", "pypachy": "0.1.5", "pyopenssl": "18.0.0", "pyodbc": "3.1.1", "pynacl": "1.3.0", "pymysql": "0.9.2", "pymssql": "2.1.1", "pympler": "0.7", "pymongo": "3.7.1", "pymc3": "3.7", "pymc": "2.3.6", "pylint": "2.1.1", "pykafka": "2.8.0", "pyjwt": "1.7.1", "pyhamcrest": "1.9.0", "pygments": "2.2.0", "pyglet": "1.3.2", "pygithub": "1.44.1", "pyflakes": "2.0.0", "pydot": "1.4.1", "pycurl": "7.43.0.2", "pycrypto": "2.6.1", "pycparser": "2.19", "pycosat": "0.6.3", "pycodestyle": "2.4.0", "pyasn1": "0.4.4", "pyasn1-modules": "0.2.2", "pyarrow": "0.13.0", "pyang": "2.1", "py4j": "0.10.7", "py": "1.6.0", "ptyprocess": "0.6.0", "psycopg2": "2.7.5", "psutil": "5.4.7", "protobuf": "3.10.0", "prompt-toolkit": "2.0.7", "prometheus-client": "0.4.2", "prettytable": "0.7.2", "prettypandas": "0.0.4", "portalocker": "1.5.1", "pmdarima": "1.1.1", "ply": "3.11", "pluggy": "0.7.1", "plotly": "4.2.1", "pkginfo": "1.4.2", "pip": "19.3.1", "pillow": "5.3.0", "pickleshare": "0.7.5", "phonenumbers": "8.10.22", "pexpect": "4.6.0", "pep8": "1.7.1", "pbr": "4.2.0", "patsy": "0.5.1", "pathspec": "0.6.0", "pathlib2": "2.3.2", "path.py": "11.1.0", "partd": "0.3.8", "parso": "0.3.1", "paramiko": "2.6.0", "param": "1.7.0", "papermill": "1.2.1", "pandocfilters": "1.4.2", "pandasql": "0.7.3", "pandas": "0.23.4", "packaging": "18.0", "openpyxl": "2.5.8", "openfst": "1.6.1", "onnxruntime": "1.0.0", "onnxmltools": "1.6.0", "onnxconverter-common": "1.6.0", "onnx": "1.6.0", "olefile": "0.46", "okpy": "1.13.11", "odo": "0.5.1", "oauthlib": "3.1.0", "numpydoc": "0.8.0", "numpy": "1.16.2", "numexpr": "2.6.8", "numba": "0.40.0", "notebook": "5.7.2", "nose": "1.3.7", "nltk": "3.3", "nimbusml": "1.5.0", "networkx": "2.2", "ndg-httpsclient": "0.5.1", "nbformat": "4.4.0", "nbconvert": "5.6.1", "navigator-updater": "0.2.1", "natsort": "5.4.0", "multipledispatch": "0.6.0", "multimethods": "1.0.0", "msrestazure": "0.6.2", "msrest": "0.6.10", "msgpack": "0.5.6", "mpmath": "1.0.0", "more-itertools": "4.3.0", "mock": "2.0.0", "mkl-random": "1.0.1", "mkl-fft": "1.0.6", "mistune": "0.8.4", "memory-profiler": "0.56.0", "mccabe": "0.6.1", "matplotlib": "3.0.0", "markupsafe": "1.1.0", "markdown": "3.0.1", "lxml": "4.2.5", "luigi": "2.8.2", "lockfile": "0.12.2", "locket": "0.2.0", "llvmlite": "0.25.0", "line-profiler": "2.1.2", "lightgbm": "2.3.0", "libarchive-c": "2.8", "liac-arff": "2.4.0", "lazy-object-proxy": "1.3.1", "lancet-ioam": "0.9.0", "kqlmagic": "0.1.107.post1", "knack": "0.5.1", "klein": "19.6.0", "kiwisolver": "1.0.1", "keyring": "13.2.1", "keras2onnx": "1.6.0", "keras": "2.3.1", "keras-preprocessing": "1.1.0", "keras-applications": "1.0.8", "kazoo": "2.5.0", "kafka-python": "1.4.7", "jupyterlab": "0.34.12", "jupyterlab-launcher": "0.13.1", "jupyter": "1.0.0", "jupyter-core": "4.4.0", "jupyter-console": "6.0.0", "jupyter-client": "5.2.3", "jsonsir": "0.0.2", "jsonschema": "2.6.0", "jsonpickle": "1.2", "jsonform": "0.0.2", "json-logging-py": "0.2", "joblib": "0.14.0", "jmespath": "0.9.4", "jinja2": "2.10", "jeepney": "0.4", "jedi": "0.13.1", "jdcal": "1.4", "itsdangerous": "0.24", "isort": "4.3.4", "isodate": "0.6.0", "ipywidgets": "7.5.1", "ipython": "7.1.1", "ipython-genutils": "0.2.0", "ipykernel": "5.1.3", "interpret-core": "0.1.18", "interpret-community": "0.1.0.3.2", "incremental": "17.5.0", "imagesize": "1.1.0", "imageio": "2.4.1", "idna": "2.7", "hyperlink": "18.0.0", "humanfriendly": "4.18", "html5lib": "0.9999999", "holoviews": "1.10.7", "heapdict": "1.0.0", "hdmedians": "0.13", "h5py": "2.8.0", "gym": "0.15.3", "gunicorn": "19.9.0", "grpcio": "1.25.0", "greenlet": "0.4.15", "graphviz": "0.13.2", "google-pasta": "0.1.8", "google-auth": "1.7.0", "google-auth-oauthlib": "0.4.1", "gmpy2": "2.0.8", "glob2": "0.6", "ggplot": "0.11.5", "gevent": "1.3.6", "gensim": "3.8.1", "gdal": "2.3.0", "gast": "0.3.2", "futures": "3.1.1", "future": "0.16.0", "fusepy": "3.0.1", "ftfy": "5.3.0", "folium": "0.2.1", "flask": "1.0.3", "flask-cors": "3.0.6", "fire": "0.2.1", "filelock": "3.0.8", "feedparser": "5.2.1", "fastcache": "1.0.2", "et-xmlfile": "1.0.1", "entrypoints": "0.2.3", "elasticsearch": "7.0.5", "edward": "1.3.5", "dotnetcore2": "2.1.10", "dora": "0.0.2", "docutils": "0.14", "docopt": "0.6.2", "docker": "4.1.0", "docker-pycreds": "0.4.0", "docker-py": "1.10.6", "distro": "1.4.0", "distributed": "1.23.3", "dill": "0.3.1.1", "deprecated": "1.2.6", "defusedxml": "0.5.0", "decorator": "4.3.0", "datashape": "0.5.4", "datascience": "0.10.6", "datacleaner": "0.1.5", "dask": "0.19.3", "cytoolz": "0.9.0.1", "cython": "0.29.14", "cycler": "0.10.0", "cryptography": "2.3.1", "coveralls": "0.5", "coverage": "3.7.1", "contextlib2": "0.5.5", "constantly": "15.1.0", "configparser": "3.7.4", "conda": "4.5.11", "conda-build": "3.16.0", "colorama": "0.3.9", "cntk": "2.5.1", "clyent": "1.2.2", "cloudpickle": "1.2.2", "click": "7.0", "chardet": "3.0.4", "characteristic": "14.3.0", "cffi": "1.11.5", "certifi": "2018.10.15", "cachetools": "3.1.1", "cachecontrol": "0.12.5", "bz2file": "0.98", "brewer2mpl": "1.4.1", "bqplot": "0.12.0", "bottleneck": "1.2.1", "botocore": "1.8.50", "boto3": "1.4.8", "boto": "2.49.0", "bokeh": "0.13.0", "bleach": "1.5.0", "blaze": "0.11.3", "bkcharts": "0.2", "bitarray": "0.8.3", "beautifulsoup4": "4.6.3", "beautifier": "0.5.5", "bcrypt": "3.1.7", "backports.weakref": "1.0rc1", "backports.tempfile": "1.0", "backports.shutil-get-terminal-size": "1.0.0", "backcall": "0.1.0", "babel": "2.6.0", "azureml-widgets": "1.0.72", "azureml-train": "1.0.72", "azureml-train-restclients-hyperdrive": "1.0.72", "azureml-train-core": "1.0.72", "azureml-train-automl": "1.0.72", "azureml-telemetry": "1.0.72", "azureml-sdk": "1.0.72", "azureml-pipeline": "1.0.72", "azureml-pipeline-steps": "1.0.72", "azureml-pipeline-core": "1.0.72", "azureml-opendatasets": "1.0.72.1", "azureml-model-management-sdk": "1.0.1b6.post1", "azureml-interpret": "1.0.72.1", "azureml-explain-model": "1.0.72", "azureml-defaults": "1.0.72", "azureml-dataprep": "1.1.30", "azureml-dataprep-native": "13.1.0", "azureml-core": "1.0.72", "azureml-contrib-notebook": "1.0.72", "azureml-automl-core": "1.0.72.1", "azure": "4.0.0", "azure-storage-queue": "2.1.0", "azure-storage-file": "1.4.0", "azure-storage-common": "2.1.0", "azure-storage-blob": "2.1.0", "azure-servicemanagement-legacy": "0.20.6", "azure-servicefabric": "6.3.0.0", "azure-servicebus": "0.21.1", "azure-nspkg": "3.0.2", "azure-mgmt": "4.0.0", "azure-mgmt-web": "0.35.0", "azure-mgmt-trafficmanager": "0.50.0", "azure-mgmt-subscription": "0.2.0", "azure-mgmt-storage": "2.0.0", "azure-mgmt-sql": "0.9.1", "azure-mgmt-signalr": "0.1.1", "azure-mgmt-servicefabric": "0.2.0", "azure-mgmt-servicebus": "0.5.3", "azure-mgmt-search": "2.1.0", "azure-mgmt-scheduler": "2.0.0", "azure-mgmt-resource": "2.0.0", "azure-mgmt-reservations": "0.2.1", "azure-mgmt-relay": "0.1.0", "azure-mgmt-redis": "5.0.0", "azure-mgmt-recoveryservicesbackup": "0.3.0", "azure-mgmt-recoveryservices": "0.3.0", "azure-mgmt-rdbms": "1.9.0", "azure-mgmt-powerbiembedded": "2.0.0", "azure-mgmt-policyinsights": "0.1.0", "azure-mgmt-nspkg": "3.0.2", "azure-mgmt-notificationhubs": "2.1.0", "azure-mgmt-network": "2.7.0", "azure-mgmt-msi": "0.2.0", "azure-mgmt-monitor": "0.5.2", "azure-mgmt-media": "1.0.0", "azure-mgmt-marketplaceordering": "0.1.0", "azure-mgmt-maps": "0.1.0", "azure-mgmt-managementpartner": "0.1.1", "azure-mgmt-managementgroups": "0.1.0", "azure-mgmt-machinelearningcompute": "0.4.1", "azure-mgmt-logic": "3.0.0", "azure-mgmt-loganalytics": "0.2.0", "azure-mgmt-keyvault": "1.1.0", "azure-mgmt-iothubprovisioningservices": "0.2.0", "azure-mgmt-iothub": "0.5.0", "azure-mgmt-iotcentral": "0.1.0", "azure-mgmt-hanaonazure": "0.1.1", "azure-mgmt-eventhub": "2.6.0", "azure-mgmt-eventgrid": "1.0.0", "azure-mgmt-dns": "2.1.0", "azure-mgmt-devtestlabs": "2.2.0", "azure-mgmt-devspaces": "0.1.0", "azure-mgmt-datamigration": "1.0.0", "azure-mgmt-datalake-store": "0.5.0", "azure-mgmt-datalake-nspkg": "3.0.1", "azure-mgmt-datalake-analytics": "0.6.0", "azure-mgmt-datafactory": "0.6.0", "azure-mgmt-cosmosdb": "0.4.1", "azure-mgmt-containerservice": "4.4.0", "azure-mgmt-containerregistry": "2.8.0", "azure-mgmt-containerinstance": "1.5.0", "azure-mgmt-consumption": "2.0.0", "azure-mgmt-compute": "4.6.2", "azure-mgmt-commerce": "1.0.1", "azure-mgmt-cognitiveservices": "3.0.0", "azure-mgmt-cdn": "3.1.0", "azure-mgmt-billing": "0.2.0", "azure-mgmt-batchai": "2.0.0", "azure-mgmt-batch": "5.0.1", "azure-mgmt-authorization": "0.50.0", "azure-mgmt-applicationinsights": "0.1.1", "azure-mgmt-advisor": "1.0.1", "azure-loganalytics": "0.1.0", "azure-kusto-ingest": "0.0.38", "azure-kusto-data": "0.0.38", "azure-keyvault": "1.1.0", "azure-graphrbac": "0.40.0", "azure-eventgrid": "1.3.0", "azure-datalake-store": "0.0.48", "azure-cosmosdb-table": "1.0.6", "azure-cosmosdb-nspkg": "2.0.2", "azure-common": "1.1.23", "azure-cli-telemetry": "1.0.4", "azure-cli-nspkg": "3.0.4", "azure-cli-core": "2.0.54", "azure-batch": "4.1.3", "azure-applicationinsights": "0.1.0", "automat": "0.7.0", "attrs": "18.2.0", "atomicwrites": "1.2.1", "astropy": "3.0.4", "astroid": "2.0.4", "astor": "0.8.0", "asn1crypto": "0.24.0", "arrow": "0.15.4", "argcomplete": "1.10.0", "applicationinsights": "0.11.9", "appdirs": "1.4.3", "antlr4-python3-runtime": "4.7.2", "ansiwrap": "0.8.4", "anaconda-project": "0.8.2", "anaconda-navigator": "1.9.2", "anaconda-client": "1.7.2", "altair": "3.2.0", "alabaster": "0.7.11", "adal": "1.2.2", "absl-py": "0.8.1"}
2019-12-17 13:58:30,643 - INFO - 295 : [RunId:AutoML_60b4f5bb-e17a-4a75-b33e-13eac4b2d1eb_1][Starting fit_pipeline]memory usage 756768
2019-12-17 13:58:30,728 - INFO - 295 : [RunId:AutoML_60b4f5bb-e17a-4a75-b33e-13eac4b2d1eb_1][Starting fit_pipeline]child memory usage 755476
2019-12-17 13:58:30,830 - INFO - 295 : [RunId:AutoML_60b4f5bb-e17a-4a75-b33e-13eac4b2d1eb_1][Starting fit_pipeline]cpu time 479.770739
2019-12-17 13:58:30,930 - INFO - 295 : [RunId:AutoML_60b4f5bb-e17a-4a75-b33e-13eac4b2d1eb_1][Starting fit_pipeline]child cpu time 36.075241
2019-12-17 13:58:31,002 - INFO - 295 : [RunId:AutoML_60b4f5bb-e17a-4a75-b33e-13eac4b2d1eb_1]CPU logical cores: 2, CPU cores: 2, virtual memory: 4107849728, swap memory: 0.
2019-12-17 13:58:31,069 - INFO - 295 : [RunId:AutoML_60b4f5bb-e17a-4a75-b33e-13eac4b2d1eb_1]Platform information: Linux-4.14.29-linuxkit-x86_64-with-debian-stretch-sid.
2019-12-17 13:58:31,180 - INFO - 295 : Using child run AutoML_60b4f5bb-e17a-4a75-b33e-13eac4b2d1eb_1
2019-12-17 13:58:31,280 - INFO - 295 : [RunId:AutoML_60b4f5bb-e17a-4a75-b33e-13eac4b2d1eb_1][Before preprocess]memory usage 756768
2019-12-17 13:58:31,353 - INFO - 295 : [RunId:AutoML_60b4f5bb-e17a-4a75-b33e-13eac4b2d1eb_1][Before preprocess]child memory usage 755476
2019-12-17 13:58:31,423 - INFO - 295 : [RunId:AutoML_60b4f5bb-e17a-4a75-b33e-13eac4b2d1eb_1][Before preprocess]cpu time 479.839582
2019-12-17 13:58:31,514 - INFO - 295 : [RunId:AutoML_60b4f5bb-e17a-4a75-b33e-13eac4b2d1eb_1][Before preprocess]child cpu time 36.075241
2019-12-17 13:58:31,701 - INFO - 295 : [RunId:AutoML_60b4f5bb-e17a-4a75-b33e-13eac4b2d1eb_1][Before executing pipeline]memory usage 756768
2019-12-17 13:58:31,859 - INFO - 295 : [RunId:AutoML_60b4f5bb-e17a-4a75-b33e-13eac4b2d1eb_1][Before executing pipeline]child memory usage 755476
2019-12-17 13:58:31,942 - INFO - 295 : [RunId:AutoML_60b4f5bb-e17a-4a75-b33e-13eac4b2d1eb_1][Before executing pipeline]cpu time 479.884737
2019-12-17 13:58:32,035 - INFO - 295 : [RunId:AutoML_60b4f5bb-e17a-4a75-b33e-13eac4b2d1eb_1][Before executing pipeline]child cpu time 36.075241
2019-12-17 13:58:32,121 - INFO - 295 : Start executing pipeline {"objects": [{"class_name": "MinMaxScaler", "module": "sklearn.preprocessing", "param_args": [], "param_kwargs": {}, "prepared_kwargs": {}, "spec_class": "preproc"}, {"class_name": "RandomForestRegressor", "module": "sklearn.ensemble", "param_args": [], "param_kwargs": {"bootstrap": true, "criterion": "mse", "max_features": 0.9, "min_samples_leaf": 0.006151578686713196, "min_samples_split": 0.010734188827013528, "n_estimators": 25}, "prepared_kwargs": {}, "spec_class": "sklearn"}], "pipeline_id": "509be37c39972b34deee7a2fde5a747d91172465"}.
2019-12-17 13:58:32,227 - INFO - 295 : Running with the following AutoML settings:
 - name: my-third-experiment
 - subscription_id: f6b4e95b-44f4-4587-865a-97ade75f98f6
 - region: southeastasia
 - spark_context: None
 - spark_service: None
 - azure_service: None
 - iterations: 3
 - primary_metric: spearman_correlation
 - task_type: regression
 - validation_size: 0.0
 - n_cross_validations: 5
 - y_min: 25.0
 - y_max: 346.0
 - num_classes: None
 - featurization: off
 - preprocess: False
 - lag_length: 0
 - is_timeseries: False
 - max_cores_per_iteration: 1
 - max_concurrent_iterations: 1
 - iteration_timeout_minutes: 10
 - mem_in_mb: None
 - enforce_time_on_windows: False
 - experiment_timeout_minutes: None
 - experiment_exit_score: None
 - whitelist_models: None
 - blacklist_algos: ['XGBoostRegressor', 'Prophet']
 - supported_models: ['ElasticNet', 'GradientBoosting', 'DecisionTree', 'KNN', 'LassoLars', 'SGD', 'RandomForest', 'ExtremeRandomTrees', 'LightGBM', 'XGBoostRegressor', 'FastLinearRegressor', 'OnlineGradientDescentRegressor', 'TensorFlowLinearRegressor', 'TensorFlowDNN']
 - auto_blacklist: True
 - blacklist_samples_reached: False
 - exclude_nan_labels: True
 - verbosity: 20
 - show_warnings: False
 - model_explainability: False
 - service_url: None
 - sdk_url: None
 - sdk_packages: None
 - enable_onnx_compatible_models: False
 - enable_split_onnx_featurizer_estimator_models: False
 - vm_type: None
 - telemetry_verbosity: INFO
 - send_telemetry: True
 - enable_dnn: False
 - enable_feature_sweeping: True
 - enable_early_stopping: False
 - early_stopping_n_iters: 10
 - metrics: None
 - enable_ensembling: False
 - enable_stack_ensembling: False
 - ensemble_iterations: None
 - enable_tf: False
 - enable_cache: True
 - enable_subsampling: False
 - subsample_seed: None
 - enable_nimbusml: False
 - enable_streaming: False
 - label_column_name: None
 - weight_column_name: None
 - cost_mode: 0
 - metric_operation: maximize
2019-12-17 13:58:32,301 - INFO - 295 : Component PrepareData finished after 0.029169149999999998 minutes.
2019-12-17 13:58:32,393 - INFO - 295 : ActivityStarted: RunPipeline
2019-12-17 13:58:33,588 - INFO - 295 : Limits set to mem_in_mb=None, wall_time_in_s=600, total_wall_time_in_s=31449600, cpu_time_in_s=None, num_processes=None, grace_period_in_s=None, 
2019-12-17 13:58:33,608 - INFO - 295 : Calling function <bound method ClientRunner._run of <automl.client.core.runtime.runner.ClientRunner object at 0x7f4c2959fd30>> with argument types: [<class 'automl.client.core.runtime.datasets.ClientDatasets'>, <class 'automl.client.core.runtime.pipeline_spec.PipelineSpec'>, <class 'automl.client.core.runtime.problem_info.ProblemInfo'>], {'sets_to_run': <class 'list'>, 'subsample_percent': <class 'float'>, 'random_state': <class 'NoneType'>, 'subsample_seed': <class 'NoneType'>, 'include_models': <class 'bool'>}
2019-12-17 13:58:40,085 - INFO - 295 : memory usage 756768
2019-12-17 13:58:40,127 - INFO - 295 : child memory usage 755476
2019-12-17 13:58:40,179 - INFO - 295 : cpu time 480.089835
2019-12-17 13:58:40,249 - INFO - 295 : child cpu time 36.075241
2019-12-17 13:58:50,348 - INFO - 295 : memory usage 756768
2019-12-17 13:58:50,369 - INFO - 295 : child memory usage 755476
2019-12-17 13:58:50,490 - INFO - 295 : cpu time 480.199166
2019-12-17 13:58:50,596 - INFO - 295 : child cpu time 36.075241
2019-12-17 13:58:50,791 - INFO - 437 : ActivityStarted: Run
2019-12-17 13:58:50,820 - INFO - 437 : ActivityStarted: RunCV
2019-12-17 13:58:50,908 - INFO - 437 : ActivityStarted: TimeFit
2019-12-17 13:58:51,131 - INFO - 455 : ActivityCompleted: Activity=TimeFit, HowEnded=Success, Duration=222.99[ms]
2019-12-17 13:58:51,150 - INFO - 437 : ActivityStarted: ComputeMetrics
2019-12-17 13:58:51,243 - INFO - 437 : ActivityStarted: Predict
2019-12-17 13:58:51,313 - INFO - 455 : ActivityCompleted: Activity=Predict, HowEnded=Success, Duration=70.28[ms]
2019-12-17 13:58:51,384 - INFO - 295 : Regression metrics debug: {'y_test': (71,), 'y_pred': (71,), 'sample_weight': None}
2019-12-17 13:58:51,535 - INFO - 455 : ActivityCompleted: Activity=ComputeMetrics, HowEnded=Success, Duration=384.95[ms]
2019-12-17 13:58:51,619 - INFO - 437 : ActivityStarted: TimeFit
2019-12-17 13:58:51,853 - INFO - 455 : ActivityCompleted: Activity=TimeFit, HowEnded=Success, Duration=238.23[ms]
2019-12-17 13:58:52,263 - INFO - 437 : ActivityStarted: ComputeMetrics
2019-12-17 13:58:52,280 - INFO - 437 : ActivityStarted: Predict
2019-12-17 13:58:52,365 - INFO - 455 : ActivityCompleted: Activity=Predict, HowEnded=Success, Duration=84.31[ms]
2019-12-17 13:58:52,458 - INFO - 295 : Regression metrics debug: {'y_test': (71,), 'y_pred': (71,), 'sample_weight': None}
2019-12-17 13:58:52,563 - INFO - 455 : ActivityCompleted: Activity=ComputeMetrics, HowEnded=Success, Duration=299.9[ms]
2019-12-17 13:58:52,655 - INFO - 437 : ActivityStarted: TimeFit
2019-12-17 13:58:52,921 - INFO - 455 : ActivityCompleted: Activity=TimeFit, HowEnded=Success, Duration=266.76[ms]
2019-12-17 13:58:52,945 - INFO - 437 : ActivityStarted: ComputeMetrics
2019-12-17 13:58:53,061 - INFO - 437 : ActivityStarted: Predict
2019-12-17 13:58:53,186 - INFO - 455 : ActivityCompleted: Activity=Predict, HowEnded=Success, Duration=125.28[ms]
2019-12-17 13:58:53,274 - INFO - 295 : Regression metrics debug: {'y_test': (71,), 'y_pred': (71,), 'sample_weight': None}
2019-12-17 13:58:53,407 - INFO - 455 : ActivityCompleted: Activity=ComputeMetrics, HowEnded=Success, Duration=462.17[ms]
2019-12-17 13:58:53,896 - INFO - 437 : ActivityStarted: TimeFit
2019-12-17 13:58:54,076 - INFO - 455 : ActivityCompleted: Activity=TimeFit, HowEnded=Success, Duration=180.38[ms]
2019-12-17 13:58:54,094 - INFO - 437 : ActivityStarted: ComputeMetrics
2019-12-17 13:58:54,192 - INFO - 437 : ActivityStarted: Predict
2019-12-17 13:58:54,277 - INFO - 455 : ActivityCompleted: Activity=Predict, HowEnded=Success, Duration=85.26[ms]
2019-12-17 13:58:54,390 - INFO - 295 : Regression metrics debug: {'y_test': (70,), 'y_pred': (70,), 'sample_weight': None}
2019-12-17 13:58:54,506 - INFO - 455 : ActivityCompleted: Activity=ComputeMetrics, HowEnded=Success, Duration=412.32[ms]
2019-12-17 13:58:54,582 - INFO - 437 : ActivityStarted: TimeFit
2019-12-17 13:58:54,834 - INFO - 455 : ActivityCompleted: Activity=TimeFit, HowEnded=Success, Duration=251.5[ms]
2019-12-17 13:58:54,853 - INFO - 437 : ActivityStarted: ComputeMetrics
2019-12-17 13:58:54,975 - INFO - 437 : ActivityStarted: Predict
2019-12-17 13:58:55,428 - INFO - 455 : ActivityCompleted: Activity=Predict, HowEnded=Success, Duration=453.66[ms]
2019-12-17 13:58:55,461 - INFO - 295 : Regression metrics debug: {'y_test': (70,), 'y_pred': (70,), 'sample_weight': None}
2019-12-17 13:58:55,555 - INFO - 455 : ActivityCompleted: Activity=ComputeMetrics, HowEnded=Success, Duration=702.19[ms]
2019-12-17 13:58:55,629 - INFO - 455 : ActivityCompleted: Activity=RunCV, HowEnded=Success, Duration=4809.06[ms]
2019-12-17 13:58:55,684 - INFO - 437 : ActivityStarted: RunCVMean
2019-12-17 13:58:55,776 - INFO - 455 : ActivityCompleted: Activity=RunCVMean, HowEnded=Success, Duration=91.25[ms]
2019-12-17 13:58:56,233 - INFO - 455 : ActivityCompleted: Activity=Run, HowEnded=Success, Duration=5441.98[ms]
2019-12-17 13:58:58,235 - INFO - 295 : Limits set to mem_in_mb=None, wall_time_in_s=600, total_wall_time_in_s=31449600, cpu_time_in_s=None, num_processes=None, grace_period_in_s=None, 
2019-12-17 13:58:58,249 - INFO - 295 : Calling function <bound method ClientRunner._run of <automl.client.core.runtime.runner.ClientRunner object at 0x7f4c2959fd30>> with argument types: [<class 'automl.client.core.runtime.datasets.ClientDatasets'>, <class 'automl.client.core.runtime.pipeline_spec.PipelineSpec'>, <class 'automl.client.core.runtime.problem_info.ProblemInfo'>], {'sets_to_run': <class 'list'>, 'subsample_percent': <class 'NoneType'>, 'random_state': <class 'NoneType'>, 'subsample_seed': <class 'int'>, 'include_models': <class 'bool'>}
2019-12-17 13:59:00,682 - INFO - 295 : memory usage 756768
2019-12-17 13:59:00,712 - INFO - 295 : child memory usage 755476
2019-12-17 13:59:00,828 - INFO - 295 : cpu time 480.420736
2019-12-17 13:59:00,901 - INFO - 295 : child cpu time 54.226845
2019-12-17 13:59:10,973 - INFO - 295 : memory usage 756768
2019-12-17 13:59:10,987 - INFO - 295 : child memory usage 755476
2019-12-17 13:59:11,073 - INFO - 295 : cpu time 480.500518
2019-12-17 13:59:11,153 - INFO - 295 : child cpu time 54.226845
2019-12-17 13:59:13,682 - INFO - 437 : ActivityStarted: Run
2019-12-17 13:59:13,695 - INFO - 437 : ActivityStarted: TrainFull
2019-12-17 13:59:13,763 - INFO - 437 : ActivityStarted: TimeFit
2019-12-17 13:59:14,057 - INFO - 455 : ActivityCompleted: Activity=TimeFit, HowEnded=Success, Duration=294.48[ms]
2019-12-17 13:59:14,113 - INFO - 437 : ActivityStarted: ComputeMetrics
2019-12-17 13:59:14,170 - INFO - 437 : ActivityStarted: Predict
2019-12-17 13:59:14,246 - INFO - 455 : ActivityCompleted: Activity=Predict, HowEnded=Success, Duration=69.46[ms]
2019-12-17 13:59:14,304 - INFO - 295 : Regression metrics debug: {'y_test': (353,), 'y_pred': (353,), 'sample_weight': None}
2019-12-17 13:59:14,424 - INFO - 455 : ActivityCompleted: Activity=ComputeMetrics, HowEnded=Success, Duration=311.15[ms]
2019-12-17 13:59:14,449 - INFO - 455 : ActivityCompleted: Activity=TrainFull, HowEnded=Success, Duration=753.7[ms]
2019-12-17 13:59:14,893 - INFO - 455 : ActivityCompleted: Activity=Run, HowEnded=Success, Duration=1211.23[ms]
2019-12-17 13:59:17,535 - INFO - 295 : ActivityCompleted: Activity=RunPipeline, HowEnded=Success, Duration=45142.3[ms]
2019-12-17 13:59:17,562 - INFO - 295 : [RunId:AutoML_60b4f5bb-e17a-4a75-b33e-13eac4b2d1eb_1][After executing pipeline]memory usage 756768
2019-12-17 13:59:17,633 - INFO - 295 : [RunId:AutoML_60b4f5bb-e17a-4a75-b33e-13eac4b2d1eb_1][After executing pipeline]child memory usage 755476
2019-12-17 13:59:17,832 - INFO - 295 : [RunId:AutoML_60b4f5bb-e17a-4a75-b33e-13eac4b2d1eb_1][After executing pipeline]cpu time 480.58526
2019-12-17 13:59:17,911 - INFO - 295 : [RunId:AutoML_60b4f5bb-e17a-4a75-b33e-13eac4b2d1eb_1][After executing pipeline]child cpu time 69.822608
2019-12-17 13:59:17,963 - INFO - 295 : Pipeline execution finished with a score of 0.6732140460724341
2019-12-17 13:59:18,040 - INFO - 295 : Start logging metrics for child run.
2019-12-17 13:59:18,116 - INFO - 295 : ActivityStarted: MetricsAndSaveModel
2019-12-17 13:59:21,221 - INFO - 295 : memory usage 756768
2019-12-17 13:59:21,240 - INFO - 295 : child memory usage 755476
2019-12-17 13:59:21,354 - INFO - 295 : cpu time 480.997779
2019-12-17 13:59:21,445 - INFO - 295 : child cpu time 69.822608
2019-12-17 13:59:25,280 - WARNING - 295 : Did not recognize metric: fit_time. Will not log.
2019-12-17 13:59:25,300 - WARNING - 295 : Did not recognize metric: train time. Will not log.
2019-12-17 13:59:25,359 - WARNING - 295 : Did not recognize metric: predict_time. Will not log.
2019-12-17 13:59:25,420 - INFO - 295 : run_id:AutoML_60b4f5bb-e17a-4a75-b33e-13eac4b2d1eb_1, pipeline_id:509be37c39972b34deee7a2fde5a747d91172465,The following metrics have been logged for the child run: {'residuals': <class 'dict'>, 'spearman_correlation': 0.6732140460724341, 'explained_variance': 0.4761688589183108, 'r2_score': 0.4538618545339131, 'mean_absolute_error': 46.47605092012391, 'predicted_true': <class 'dict'>, 'mean_absolute_percentage_error': 41.07244038750743, 'normalized_mean_absolute_error': 0.14478520535864145, 'normalized_root_mean_squared_log_error': 0.16796243873767322, 'median_absolute_error': 42.03753333333334, 'root_mean_squared_log_error': 0.4352290148397199, 'normalized_median_absolute_error': 0.1309580477673936, 'root_mean_squared_error': 57.00373536296455, 'normalized_root_mean_squared_error': 0.17758173010269332, 'fit_time': 0.1581, 'train time': 0.3975294, 'predict_time': 0.2394294}.
2019-12-17 13:59:27,925 - INFO - 295 : Component CompleteRun finished after 0.9562275666666668 minutes.
2019-12-17 13:59:27,944 - INFO - 295 : ActivityCompleted: Activity=MetricsAndSaveModel, HowEnded=Success, Duration=9828.41[ms]
2019-12-17 13:59:31,179 - INFO - 295 : [RunId:AutoML_60b4f5bb-e17a-4a75-b33e-13eac4b2d1eb_1][End fit_pipeline]memory usage 756768
2019-12-17 13:59:31,207 - INFO - 295 : [RunId:AutoML_60b4f5bb-e17a-4a75-b33e-13eac4b2d1eb_1][End fit_pipeline]child memory usage 755476
2019-12-17 13:59:31,268 - INFO - 295 : [RunId:AutoML_60b4f5bb-e17a-4a75-b33e-13eac4b2d1eb_1][End fit_pipeline]cpu time 481.652274
2019-12-17 13:59:31,321 - INFO - 295 : [RunId:AutoML_60b4f5bb-e17a-4a75-b33e-13eac4b2d1eb_1][End fit_pipeline]child cpu time 69.822608
2019-12-17 13:59:31,395 - INFO - 295 : ActivityCompleted: Activity=FitIteration, HowEnded=Success, Duration=67174.04 [ms]
2019-12-17 13:59:31,450 - INFO - 295 : Start iteration: 2
2019-12-17 13:59:31,604 - INFO - 295 : ActivityStarted, FitIteration
2019-12-17 13:59:31,671 - INFO - 295 : ActivityStarted, GetPipeline
2019-12-17 13:59:31,854 - INFO - 295 : Querying Jasmine for next task.
2019-12-17 13:59:31,585 - INFO - 295 : memory usage 756768
2019-12-17 13:59:32,052 - INFO - 295 : child memory usage 755476
2019-12-17 13:59:32,132 - INFO - 295 : cpu time 481.737937
2019-12-17 13:59:32,196 - INFO - 295 : child cpu time 69.822608
2019-12-17 13:59:33,684 - INFO - 295 : ActivityCompleted: Activity=GetPipeline, HowEnded=Success, Duration=2013.05 [ms]
2019-12-17 13:59:33,702 - INFO - 295 : Received pipeline ID b4bd922dbaf8213366b177d822de2b50eb1fc58b
2019-12-17 13:59:37,837 - INFO - 295 : [RunId:AutoML_60b4f5bb-e17a-4a75-b33e-13eac4b2d1eb_2]CPU logical cores: 2, CPU cores: 2, virtual memory: 4107849728, swap memory: 0.
2019-12-17 13:59:37,872 - INFO - 295 : [RunId:AutoML_60b4f5bb-e17a-4a75-b33e-13eac4b2d1eb_2]Platform information: Linux-4.14.29-linuxkit-x86_64-with-debian-stretch-sid.
2019-12-17 13:59:37,961 - INFO - 295 : All versions str:
{"zope.interface": "4.5.0", "zict": "0.1.3", "xlwt": "1.3.0", "xlsxwriter": "1.1.1", "xlrd": "1.1.0", "wrapt": "1.11.2", "word2vec": "0.10.2", "widgetsnbextension": "3.5.1", "wheel": "0.30.0", "wget": "3.2", "werkzeug": "0.14.1", "websocket-client": "0.56.0", "webencodings": "0.5.1", "wcwidth": "0.1.7", "urllib3": "1.23", "update-checker": "0.16", "unicodecsv": "0.14.1", "typing": "3.7.4.1", "typing-extensions": "3.7.4.1", "typed-ast": "1.1.0", "twisted": "18.7.0", "tubes": "0.2.0", "treq": "18.6.0", "traittypes": "0.2.1", "traitlets": "4.3.2", "tqdm": "4.26.0", "tornado": "4.5.3", "torchvision": "0.4.2", "torch": "1.3.1", "toolz": "0.9.0", "theano": "1.0.4", "tf2onnx": "1.5.3", "tf-estimator-nightly": "1.14.0.dev2019060501", "textwrap3": "0.9.2", "textblob": "0.15.3", "testpath": "0.4.2", "terminado": "0.8.1", "termcolor": "1.1.0", "tensorflow": "2.0.0b1", "tensorboard": "2.0.1", "tenacity": "6.0.0", "tblib": "1.3.2", "tb-nightly": "1.14.0a20190603", "tabulate": "0.8.2", "tables": "3.4.4", "sympy": "1.3", "statsmodels": "0.9.0", "sqlalchemy": "1.2.14", "spyder": "3.3.1", "spyder-kernels": "0.2.6", "sphinxcontrib-websupport": "1.1.0", "sphinx": "1.8.1", "sortedcontainers": "2.0.5", "sortedcollections": "1.0.1", "snowballstemmer": "1.2.1", "snakeviz": "2.0.1", "smart-open": "1.9.0", "sklearn": "0.0", "sklearn-pandas": "1.7.0", "skl2onnx": "1.4.9", "six": "1.11.0", "singledispatch": "3.4.0.3", "simplegeneric": "0.8.1", "shap": "0.29.3", "setuptools": "41.6.0", "service-identity": "17.0.0", "send2trash": "1.5.0", "secretstorage": "3.1.0", "seaborn": "0.9.0", "scrubadub": "1.2.1", "scipy": "1.1.0", "scikit-learn": "0.20.3", "scikit-image": "0.16.2", "scikit-bio": "0.5.5", "s3transfer": "0.1.13", "ruamel.yaml": "0.15.89", "ruamel-yaml": "0.15.46", "rsa": "4.0", "rpy2": "3.0.5", "rope": "0.11.0", "retrying": "1.3.3", "resource": "0.2.1", "requests": "2.22.0", "requests-oauthlib": "1.3.0", "qtpy": "1.5.1", "qtconsole": "4.4.2", "qtawesome": "0.5.0", "pyzmq": "17.1.2", "pyyaml": "3.13", "pywavelets": "1.0.1", "pyviz-comms": "0.6.0", "pytz": "2019.3", "python-easyconfig": "0.1.7", "python-dateutil": "2.8.1", "python-daemon": "2.1.2", "pytest": "3.8.2", "pytest-remotedata": "0.3.0", "pytest-openfiles": "0.3.0", "pytest-doctestplus": "0.1.3", "pytest-astropy": "0.4.0", "pytest-arraydiff": "0.2", "pyspark": "2.4.4", "pysocks": "1.6.8", "pyprof2calltree": "1.4.4", "pyparsing": "2.3.0", "pypachy": "0.1.5", "pyopenssl": "18.0.0", "pyodbc": "3.1.1", "pynacl": "1.3.0", "pymysql": "0.9.2", "pymssql": "2.1.1", "pympler": "0.7", "pymongo": "3.7.1", "pymc3": "3.7", "pymc": "2.3.6", "pylint": "2.1.1", "pykafka": "2.8.0", "pyjwt": "1.7.1", "pyhamcrest": "1.9.0", "pygments": "2.2.0", "pyglet": "1.3.2", "pygithub": "1.44.1", "pyflakes": "2.0.0", "pydot": "1.4.1", "pycurl": "7.43.0.2", "pycrypto": "2.6.1", "pycparser": "2.19", "pycosat": "0.6.3", "pycodestyle": "2.4.0", "pyasn1": "0.4.4", "pyasn1-modules": "0.2.2", "pyarrow": "0.13.0", "pyang": "2.1", "py4j": "0.10.7", "py": "1.6.0", "ptyprocess": "0.6.0", "psycopg2": "2.7.5", "psutil": "5.4.7", "protobuf": "3.10.0", "prompt-toolkit": "2.0.7", "prometheus-client": "0.4.2", "prettytable": "0.7.2", "prettypandas": "0.0.4", "portalocker": "1.5.1", "pmdarima": "1.1.1", "ply": "3.11", "pluggy": "0.7.1", "plotly": "4.2.1", "pkginfo": "1.4.2", "pip": "19.3.1", "pillow": "5.3.0", "pickleshare": "0.7.5", "phonenumbers": "8.10.22", "pexpect": "4.6.0", "pep8": "1.7.1", "pbr": "4.2.0", "patsy": "0.5.1", "pathspec": "0.6.0", "pathlib2": "2.3.2", "path.py": "11.1.0", "partd": "0.3.8", "parso": "0.3.1", "paramiko": "2.6.0", "param": "1.7.0", "papermill": "1.2.1", "pandocfilters": "1.4.2", "pandasql": "0.7.3", "pandas": "0.23.4", "packaging": "18.0", "openpyxl": "2.5.8", "openfst": "1.6.1", "onnxruntime": "1.0.0", "onnxmltools": "1.6.0", "onnxconverter-common": "1.6.0", "onnx": "1.6.0", "olefile": "0.46", "okpy": "1.13.11", "odo": "0.5.1", "oauthlib": "3.1.0", "numpydoc": "0.8.0", "numpy": "1.16.2", "numexpr": "2.6.8", "numba": "0.40.0", "notebook": "5.7.2", "nose": "1.3.7", "nltk": "3.3", "nimbusml": "1.5.0", "networkx": "2.2", "ndg-httpsclient": "0.5.1", "nbformat": "4.4.0", "nbconvert": "5.6.1", "navigator-updater": "0.2.1", "natsort": "5.4.0", "multipledispatch": "0.6.0", "multimethods": "1.0.0", "msrestazure": "0.6.2", "msrest": "0.6.10", "msgpack": "0.5.6", "mpmath": "1.0.0", "more-itertools": "4.3.0", "mock": "2.0.0", "mkl-random": "1.0.1", "mkl-fft": "1.0.6", "mistune": "0.8.4", "memory-profiler": "0.56.0", "mccabe": "0.6.1", "matplotlib": "3.0.0", "markupsafe": "1.1.0", "markdown": "3.0.1", "lxml": "4.2.5", "luigi": "2.8.2", "lockfile": "0.12.2", "locket": "0.2.0", "llvmlite": "0.25.0", "line-profiler": "2.1.2", "lightgbm": "2.3.0", "libarchive-c": "2.8", "liac-arff": "2.4.0", "lazy-object-proxy": "1.3.1", "lancet-ioam": "0.9.0", "kqlmagic": "0.1.107.post1", "knack": "0.5.1", "klein": "19.6.0", "kiwisolver": "1.0.1", "keyring": "13.2.1", "keras2onnx": "1.6.0", "keras": "2.3.1", "keras-preprocessing": "1.1.0", "keras-applications": "1.0.8", "kazoo": "2.5.0", "kafka-python": "1.4.7", "jupyterlab": "0.34.12", "jupyterlab-launcher": "0.13.1", "jupyter": "1.0.0", "jupyter-core": "4.4.0", "jupyter-console": "6.0.0", "jupyter-client": "5.2.3", "jsonsir": "0.0.2", "jsonschema": "2.6.0", "jsonpickle": "1.2", "jsonform": "0.0.2", "json-logging-py": "0.2", "joblib": "0.14.0", "jmespath": "0.9.4", "jinja2": "2.10", "jeepney": "0.4", "jedi": "0.13.1", "jdcal": "1.4", "itsdangerous": "0.24", "isort": "4.3.4", "isodate": "0.6.0", "ipywidgets": "7.5.1", "ipython": "7.1.1", "ipython-genutils": "0.2.0", "ipykernel": "5.1.3", "interpret-core": "0.1.18", "interpret-community": "0.1.0.3.2", "incremental": "17.5.0", "imagesize": "1.1.0", "imageio": "2.4.1", "idna": "2.7", "hyperlink": "18.0.0", "humanfriendly": "4.18", "html5lib": "0.9999999", "holoviews": "1.10.7", "heapdict": "1.0.0", "hdmedians": "0.13", "h5py": "2.8.0", "gym": "0.15.3", "gunicorn": "19.9.0", "grpcio": "1.25.0", "greenlet": "0.4.15", "graphviz": "0.13.2", "google-pasta": "0.1.8", "google-auth": "1.7.0", "google-auth-oauthlib": "0.4.1", "gmpy2": "2.0.8", "glob2": "0.6", "ggplot": "0.11.5", "gevent": "1.3.6", "gensim": "3.8.1", "gdal": "2.3.0", "gast": "0.3.2", "futures": "3.1.1", "future": "0.16.0", "fusepy": "3.0.1", "ftfy": "5.3.0", "folium": "0.2.1", "flask": "1.0.3", "flask-cors": "3.0.6", "fire": "0.2.1", "filelock": "3.0.8", "feedparser": "5.2.1", "fastcache": "1.0.2", "et-xmlfile": "1.0.1", "entrypoints": "0.2.3", "elasticsearch": "7.0.5", "edward": "1.3.5", "dotnetcore2": "2.1.10", "dora": "0.0.2", "docutils": "0.14", "docopt": "0.6.2", "docker": "4.1.0", "docker-pycreds": "0.4.0", "docker-py": "1.10.6", "distro": "1.4.0", "distributed": "1.23.3", "dill": "0.3.1.1", "deprecated": "1.2.6", "defusedxml": "0.5.0", "decorator": "4.3.0", "datashape": "0.5.4", "datascience": "0.10.6", "datacleaner": "0.1.5", "dask": "0.19.3", "cytoolz": "0.9.0.1", "cython": "0.29.14", "cycler": "0.10.0", "cryptography": "2.3.1", "coveralls": "0.5", "coverage": "3.7.1", "contextlib2": "0.5.5", "constantly": "15.1.0", "configparser": "3.7.4", "conda": "4.5.11", "conda-build": "3.16.0", "colorama": "0.3.9", "cntk": "2.5.1", "clyent": "1.2.2", "cloudpickle": "1.2.2", "click": "7.0", "chardet": "3.0.4", "characteristic": "14.3.0", "cffi": "1.11.5", "certifi": "2018.10.15", "cachetools": "3.1.1", "cachecontrol": "0.12.5", "bz2file": "0.98", "brewer2mpl": "1.4.1", "bqplot": "0.12.0", "bottleneck": "1.2.1", "botocore": "1.8.50", "boto3": "1.4.8", "boto": "2.49.0", "bokeh": "0.13.0", "bleach": "1.5.0", "blaze": "0.11.3", "bkcharts": "0.2", "bitarray": "0.8.3", "beautifulsoup4": "4.6.3", "beautifier": "0.5.5", "bcrypt": "3.1.7", "backports.weakref": "1.0rc1", "backports.tempfile": "1.0", "backports.shutil-get-terminal-size": "1.0.0", "backcall": "0.1.0", "babel": "2.6.0", "azureml-widgets": "1.0.72", "azureml-train": "1.0.72", "azureml-train-restclients-hyperdrive": "1.0.72", "azureml-train-core": "1.0.72", "azureml-train-automl": "1.0.72", "azureml-telemetry": "1.0.72", "azureml-sdk": "1.0.72", "azureml-pipeline": "1.0.72", "azureml-pipeline-steps": "1.0.72", "azureml-pipeline-core": "1.0.72", "azureml-opendatasets": "1.0.72.1", "azureml-model-management-sdk": "1.0.1b6.post1", "azureml-interpret": "1.0.72.1", "azureml-explain-model": "1.0.72", "azureml-defaults": "1.0.72", "azureml-dataprep": "1.1.30", "azureml-dataprep-native": "13.1.0", "azureml-core": "1.0.72", "azureml-contrib-notebook": "1.0.72", "azureml-automl-core": "1.0.72.1", "azure": "4.0.0", "azure-storage-queue": "2.1.0", "azure-storage-file": "1.4.0", "azure-storage-common": "2.1.0", "azure-storage-blob": "2.1.0", "azure-servicemanagement-legacy": "0.20.6", "azure-servicefabric": "6.3.0.0", "azure-servicebus": "0.21.1", "azure-nspkg": "3.0.2", "azure-mgmt": "4.0.0", "azure-mgmt-web": "0.35.0", "azure-mgmt-trafficmanager": "0.50.0", "azure-mgmt-subscription": "0.2.0", "azure-mgmt-storage": "2.0.0", "azure-mgmt-sql": "0.9.1", "azure-mgmt-signalr": "0.1.1", "azure-mgmt-servicefabric": "0.2.0", "azure-mgmt-servicebus": "0.5.3", "azure-mgmt-search": "2.1.0", "azure-mgmt-scheduler": "2.0.0", "azure-mgmt-resource": "2.0.0", "azure-mgmt-reservations": "0.2.1", "azure-mgmt-relay": "0.1.0", "azure-mgmt-redis": "5.0.0", "azure-mgmt-recoveryservicesbackup": "0.3.0", "azure-mgmt-recoveryservices": "0.3.0", "azure-mgmt-rdbms": "1.9.0", "azure-mgmt-powerbiembedded": "2.0.0", "azure-mgmt-policyinsights": "0.1.0", "azure-mgmt-nspkg": "3.0.2", "azure-mgmt-notificationhubs": "2.1.0", "azure-mgmt-network": "2.7.0", "azure-mgmt-msi": "0.2.0", "azure-mgmt-monitor": "0.5.2", "azure-mgmt-media": "1.0.0", "azure-mgmt-marketplaceordering": "0.1.0", "azure-mgmt-maps": "0.1.0", "azure-mgmt-managementpartner": "0.1.1", "azure-mgmt-managementgroups": "0.1.0", "azure-mgmt-machinelearningcompute": "0.4.1", "azure-mgmt-logic": "3.0.0", "azure-mgmt-loganalytics": "0.2.0", "azure-mgmt-keyvault": "1.1.0", "azure-mgmt-iothubprovisioningservices": "0.2.0", "azure-mgmt-iothub": "0.5.0", "azure-mgmt-iotcentral": "0.1.0", "azure-mgmt-hanaonazure": "0.1.1", "azure-mgmt-eventhub": "2.6.0", "azure-mgmt-eventgrid": "1.0.0", "azure-mgmt-dns": "2.1.0", "azure-mgmt-devtestlabs": "2.2.0", "azure-mgmt-devspaces": "0.1.0", "azure-mgmt-datamigration": "1.0.0", "azure-mgmt-datalake-store": "0.5.0", "azure-mgmt-datalake-nspkg": "3.0.1", "azure-mgmt-datalake-analytics": "0.6.0", "azure-mgmt-datafactory": "0.6.0", "azure-mgmt-cosmosdb": "0.4.1", "azure-mgmt-containerservice": "4.4.0", "azure-mgmt-containerregistry": "2.8.0", "azure-mgmt-containerinstance": "1.5.0", "azure-mgmt-consumption": "2.0.0", "azure-mgmt-compute": "4.6.2", "azure-mgmt-commerce": "1.0.1", "azure-mgmt-cognitiveservices": "3.0.0", "azure-mgmt-cdn": "3.1.0", "azure-mgmt-billing": "0.2.0", "azure-mgmt-batchai": "2.0.0", "azure-mgmt-batch": "5.0.1", "azure-mgmt-authorization": "0.50.0", "azure-mgmt-applicationinsights": "0.1.1", "azure-mgmt-advisor": "1.0.1", "azure-loganalytics": "0.1.0", "azure-kusto-ingest": "0.0.38", "azure-kusto-data": "0.0.38", "azure-keyvault": "1.1.0", "azure-graphrbac": "0.40.0", "azure-eventgrid": "1.3.0", "azure-datalake-store": "0.0.48", "azure-cosmosdb-table": "1.0.6", "azure-cosmosdb-nspkg": "2.0.2", "azure-common": "1.1.23", "azure-cli-telemetry": "1.0.4", "azure-cli-nspkg": "3.0.4", "azure-cli-core": "2.0.54", "azure-batch": "4.1.3", "azure-applicationinsights": "0.1.0", "automat": "0.7.0", "attrs": "18.2.0", "atomicwrites": "1.2.1", "astropy": "3.0.4", "astroid": "2.0.4", "astor": "0.8.0", "asn1crypto": "0.24.0", "arrow": "0.15.4", "argcomplete": "1.10.0", "applicationinsights": "0.11.9", "appdirs": "1.4.3", "antlr4-python3-runtime": "4.7.2", "ansiwrap": "0.8.4", "anaconda-project": "0.8.2", "anaconda-navigator": "1.9.2", "anaconda-client": "1.7.2", "altair": "3.2.0", "alabaster": "0.7.11", "adal": "1.2.2", "absl-py": "0.8.1"}
2019-12-17 13:59:38,044 - INFO - 295 : [RunId:AutoML_60b4f5bb-e17a-4a75-b33e-13eac4b2d1eb_2][Starting fit_pipeline]memory usage 756768
2019-12-17 13:59:38,202 - INFO - 295 : [RunId:AutoML_60b4f5bb-e17a-4a75-b33e-13eac4b2d1eb_2][Starting fit_pipeline]child memory usage 755476
2019-12-17 13:59:38,317 - INFO - 295 : [RunId:AutoML_60b4f5bb-e17a-4a75-b33e-13eac4b2d1eb_2][Starting fit_pipeline]cpu time 482.192431
2019-12-17 13:59:38,370 - INFO - 295 : [RunId:AutoML_60b4f5bb-e17a-4a75-b33e-13eac4b2d1eb_2][Starting fit_pipeline]child cpu time 69.822608
2019-12-17 13:59:38,461 - INFO - 295 : [RunId:AutoML_60b4f5bb-e17a-4a75-b33e-13eac4b2d1eb_2]CPU logical cores: 2, CPU cores: 2, virtual memory: 4107849728, swap memory: 0.
2019-12-17 13:59:38,551 - INFO - 295 : [RunId:AutoML_60b4f5bb-e17a-4a75-b33e-13eac4b2d1eb_2]Platform information: Linux-4.14.29-linuxkit-x86_64-with-debian-stretch-sid.
2019-12-17 13:59:38,686 - INFO - 295 : Using child run AutoML_60b4f5bb-e17a-4a75-b33e-13eac4b2d1eb_2
2019-12-17 13:59:38,744 - INFO - 295 : [RunId:AutoML_60b4f5bb-e17a-4a75-b33e-13eac4b2d1eb_2][Before preprocess]memory usage 756768
2019-12-17 13:59:38,832 - INFO - 295 : [RunId:AutoML_60b4f5bb-e17a-4a75-b33e-13eac4b2d1eb_2][Before preprocess]child memory usage 755476
2019-12-17 13:59:38,953 - INFO - 295 : [RunId:AutoML_60b4f5bb-e17a-4a75-b33e-13eac4b2d1eb_2][Before preprocess]cpu time 482.286439
2019-12-17 13:59:39,054 - INFO - 295 : [RunId:AutoML_60b4f5bb-e17a-4a75-b33e-13eac4b2d1eb_2][Before preprocess]child cpu time 69.822608
2019-12-17 13:59:39,128 - INFO - 295 : [RunId:AutoML_60b4f5bb-e17a-4a75-b33e-13eac4b2d1eb_2][Before executing pipeline]memory usage 756768
2019-12-17 13:59:39,203 - INFO - 295 : [RunId:AutoML_60b4f5bb-e17a-4a75-b33e-13eac4b2d1eb_2][Before executing pipeline]child memory usage 755476
2019-12-17 13:59:39,438 - INFO - 295 : [RunId:AutoML_60b4f5bb-e17a-4a75-b33e-13eac4b2d1eb_2][Before executing pipeline]cpu time 482.315042
2019-12-17 13:59:39,534 - INFO - 295 : [RunId:AutoML_60b4f5bb-e17a-4a75-b33e-13eac4b2d1eb_2][Before executing pipeline]child cpu time 69.822608
2019-12-17 13:59:39,612 - INFO - 295 : Start executing pipeline {"objects": [{"class_name": "StandardScaler", "module": "sklearn.preprocessing", "param_args": [], "param_kwargs": {"with_mean": false, "with_std": false}, "prepared_kwargs": {}, "spec_class": "preproc"}, {"class_name": "ExtraTreesRegressor", "module": "sklearn.ensemble", "param_args": [], "param_kwargs": {"bootstrap": true, "criterion": "mse", "max_features": 0.9, "min_samples_leaf": 0.0023646822772690063, "min_samples_split": 0.052853885930792446, "n_estimators": 10}, "prepared_kwargs": {}, "spec_class": "sklearn"}], "pipeline_id": "b4bd922dbaf8213366b177d822de2b50eb1fc58b"}.
2019-12-17 13:59:39,676 - INFO - 295 : Running with the following AutoML settings:
 - name: my-third-experiment
 - subscription_id: f6b4e95b-44f4-4587-865a-97ade75f98f6
 - region: southeastasia
 - spark_context: None
 - spark_service: None
 - azure_service: None
 - iterations: 3
 - primary_metric: spearman_correlation
 - task_type: regression
 - validation_size: 0.0
 - n_cross_validations: 5
 - y_min: 25.0
 - y_max: 346.0
 - num_classes: None
 - featurization: off
 - preprocess: False
 - lag_length: 0
 - is_timeseries: False
 - max_cores_per_iteration: 1
 - max_concurrent_iterations: 1
 - iteration_timeout_minutes: 10
 - mem_in_mb: None
 - enforce_time_on_windows: False
 - experiment_timeout_minutes: None
 - experiment_exit_score: None
 - whitelist_models: None
 - blacklist_algos: ['XGBoostRegressor', 'Prophet']
 - supported_models: ['ElasticNet', 'GradientBoosting', 'DecisionTree', 'KNN', 'LassoLars', 'SGD', 'RandomForest', 'ExtremeRandomTrees', 'LightGBM', 'XGBoostRegressor', 'FastLinearRegressor', 'OnlineGradientDescentRegressor', 'TensorFlowLinearRegressor', 'TensorFlowDNN']
 - auto_blacklist: True
 - blacklist_samples_reached: False
 - exclude_nan_labels: True
 - verbosity: 20
 - show_warnings: False
 - model_explainability: False
 - service_url: None
 - sdk_url: None
 - sdk_packages: None
 - enable_onnx_compatible_models: False
 - enable_split_onnx_featurizer_estimator_models: False
 - vm_type: None
 - telemetry_verbosity: INFO
 - send_telemetry: True
 - enable_dnn: False
 - enable_feature_sweeping: True
 - enable_early_stopping: False
 - early_stopping_n_iters: 10
 - metrics: None
 - enable_ensembling: False
 - enable_stack_ensembling: False
 - ensemble_iterations: None
 - enable_tf: False
 - enable_cache: True
 - enable_subsampling: False
 - subsample_seed: None
 - enable_nimbusml: False
 - enable_streaming: False
 - label_column_name: None
 - weight_column_name: None
 - cost_mode: 0
 - metric_operation: maximize
2019-12-17 13:59:39,809 - INFO - 295 : Component PrepareData finished after 0.0308019 minutes.
2019-12-17 13:59:39,923 - INFO - 295 : ActivityStarted: RunPipeline
2019-12-17 13:59:41,126 - INFO - 295 : Limits set to mem_in_mb=None, wall_time_in_s=600, total_wall_time_in_s=31449600, cpu_time_in_s=None, num_processes=None, grace_period_in_s=None, 
2019-12-17 13:59:41,158 - INFO - 295 : Calling function <bound method ClientRunner._run of <automl.client.core.runtime.runner.ClientRunner object at 0x7f4c295f1be0>> with argument types: [<class 'automl.client.core.runtime.datasets.ClientDatasets'>, <class 'automl.client.core.runtime.pipeline_spec.PipelineSpec'>, <class 'automl.client.core.runtime.problem_info.ProblemInfo'>], {'sets_to_run': <class 'list'>, 'subsample_percent': <class 'float'>, 'random_state': <class 'NoneType'>, 'subsample_seed': <class 'NoneType'>, 'include_models': <class 'bool'>}
2019-12-17 13:59:42,263 - INFO - 295 : memory usage 756768
2019-12-17 13:59:42,301 - INFO - 295 : child memory usage 755476
2019-12-17 13:59:42,408 - INFO - 295 : cpu time 482.630716
2019-12-17 13:59:42,543 - INFO - 295 : child cpu time 69.822608
2019-12-17 13:59:52,594 - INFO - 295 : memory usage 756768
2019-12-17 13:59:52,622 - INFO - 295 : child memory usage 755476
2019-12-17 13:59:52,735 - INFO - 295 : cpu time 482.714232
2019-12-17 13:59:52,850 - INFO - 295 : child cpu time 69.822608
2019-12-17 13:59:58,060 - INFO - 437 : ActivityStarted: Run
2019-12-17 13:59:58,120 - INFO - 437 : ActivityStarted: RunCV
2019-12-17 13:59:58,202 - INFO - 437 : ActivityStarted: TimeFit
2019-12-17 13:59:58,337 - INFO - 455 : ActivityCompleted: Activity=TimeFit, HowEnded=Success, Duration=134.64[ms]
2019-12-17 13:59:58,381 - INFO - 437 : ActivityStarted: ComputeMetrics
2019-12-17 13:59:58,481 - INFO - 437 : ActivityStarted: Predict
2019-12-17 13:59:58,537 - INFO - 455 : ActivityCompleted: Activity=Predict, HowEnded=Success, Duration=45.95[ms]
2019-12-17 13:59:58,587 - INFO - 295 : Regression metrics debug: {'y_test': (71,), 'y_pred': (71,), 'sample_weight': None}
2019-12-17 13:59:58,696 - INFO - 455 : ActivityCompleted: Activity=ComputeMetrics, HowEnded=Success, Duration=314.76[ms]
2019-12-17 13:59:58,752 - INFO - 437 : ActivityStarted: TimeFit
2019-12-17 13:59:58,865 - INFO - 455 : ActivityCompleted: Activity=TimeFit, HowEnded=Success, Duration=112.9[ms]
2019-12-17 13:59:59,367 - INFO - 437 : ActivityStarted: ComputeMetrics
2019-12-17 13:59:59,393 - INFO - 437 : ActivityStarted: Predict
2019-12-17 13:59:59,474 - INFO - 455 : ActivityCompleted: Activity=Predict, HowEnded=Success, Duration=81.59[ms]
2019-12-17 13:59:59,551 - INFO - 295 : Regression metrics debug: {'y_test': (71,), 'y_pred': (71,), 'sample_weight': None}
2019-12-17 13:59:59,629 - INFO - 455 : ActivityCompleted: Activity=ComputeMetrics, HowEnded=Success, Duration=261.75[ms]
2019-12-17 13:59:59,688 - INFO - 437 : ActivityStarted: TimeFit
2019-12-17 13:59:59,767 - INFO - 455 : ActivityCompleted: Activity=TimeFit, HowEnded=Success, Duration=78.45[ms]
2019-12-17 13:59:59,792 - INFO - 437 : ActivityStarted: ComputeMetrics
2019-12-17 13:59:59,866 - INFO - 437 : ActivityStarted: Predict
2019-12-17 13:59:59,922 - INFO - 455 : ActivityCompleted: Activity=Predict, HowEnded=Success, Duration=55.99[ms]
2019-12-17 13:59:59,986 - INFO - 295 : Regression metrics debug: {'y_test': (71,), 'y_pred': (71,), 'sample_weight': None}
2019-12-17 14:00:00,052 - INFO - 455 : ActivityCompleted: Activity=ComputeMetrics, HowEnded=Success, Duration=260.07[ms]
2019-12-17 14:00:00,318 - INFO - 437 : ActivityStarted: TimeFit
2019-12-17 14:00:00,372 - INFO - 455 : ActivityCompleted: Activity=TimeFit, HowEnded=Success, Duration=54.34[ms]
2019-12-17 14:00:00,402 - INFO - 437 : ActivityStarted: ComputeMetrics
2019-12-17 14:00:00,497 - INFO - 437 : ActivityStarted: Predict
2019-12-17 14:00:00,561 - INFO - 455 : ActivityCompleted: Activity=Predict, HowEnded=Success, Duration=64.03[ms]
2019-12-17 14:00:00,646 - INFO - 295 : Regression metrics debug: {'y_test': (70,), 'y_pred': (70,), 'sample_weight': None}
2019-12-17 14:00:00,714 - INFO - 455 : ActivityCompleted: Activity=ComputeMetrics, HowEnded=Success, Duration=311.74[ms]
2019-12-17 14:00:00,774 - INFO - 437 : ActivityStarted: TimeFit
2019-12-17 14:00:00,864 - INFO - 455 : ActivityCompleted: Activity=TimeFit, HowEnded=Success, Duration=89.91[ms]
2019-12-17 14:00:00,876 - INFO - 437 : ActivityStarted: ComputeMetrics
2019-12-17 14:00:00,924 - INFO - 437 : ActivityStarted: Predict
2019-12-17 14:00:01,288 - INFO - 455 : ActivityCompleted: Activity=Predict, HowEnded=Success, Duration=364.09[ms]
2019-12-17 14:00:01,312 - INFO - 295 : Regression metrics debug: {'y_test': (70,), 'y_pred': (70,), 'sample_weight': None}
2019-12-17 14:00:01,374 - INFO - 455 : ActivityCompleted: Activity=ComputeMetrics, HowEnded=Success, Duration=498.95[ms]
2019-12-17 14:00:01,409 - INFO - 455 : ActivityCompleted: Activity=RunCV, HowEnded=Success, Duration=3289.76[ms]
2019-12-17 14:00:01,462 - INFO - 437 : ActivityStarted: RunCVMean
2019-12-17 14:00:01,557 - INFO - 455 : ActivityCompleted: Activity=RunCVMean, HowEnded=Success, Duration=94.56[ms]
2019-12-17 14:00:01,902 - INFO - 455 : ActivityCompleted: Activity=Run, HowEnded=Success, Duration=3842.26[ms]
2019-12-17 14:00:02,963 - INFO - 295 : memory usage 756768
2019-12-17 14:00:02,993 - INFO - 295 : child memory usage 755476
2019-12-17 14:00:03,063 - INFO - 295 : cpu time 482.839535
2019-12-17 14:00:03,133 - INFO - 295 : child cpu time 69.822608
2019-12-17 14:00:03,734 - INFO - 295 : Limits set to mem_in_mb=None, wall_time_in_s=600, total_wall_time_in_s=31449600, cpu_time_in_s=None, num_processes=None, grace_period_in_s=None, 
2019-12-17 14:00:03,748 - INFO - 295 : Calling function <bound method ClientRunner._run of <automl.client.core.runtime.runner.ClientRunner object at 0x7f4c295f1be0>> with argument types: [<class 'automl.client.core.runtime.datasets.ClientDatasets'>, <class 'automl.client.core.runtime.pipeline_spec.PipelineSpec'>, <class 'automl.client.core.runtime.problem_info.ProblemInfo'>], {'sets_to_run': <class 'list'>, 'subsample_percent': <class 'NoneType'>, 'random_state': <class 'NoneType'>, 'subsample_seed': <class 'int'>, 'include_models': <class 'bool'>}
2019-12-17 14:00:13,214 - INFO - 295 : memory usage 756768
2019-12-17 14:00:13,256 - INFO - 295 : child memory usage 755476
2019-12-17 14:00:13,370 - INFO - 295 : cpu time 483.062977
2019-12-17 14:00:13,437 - INFO - 295 : child cpu time 86.383684
2019-12-17 14:00:21,082 - INFO - 437 : ActivityStarted: Run
2019-12-17 14:00:21,133 - INFO - 437 : ActivityStarted: TrainFull
2019-12-17 14:00:21,174 - INFO - 437 : ActivityStarted: TimeFit
2019-12-17 14:00:21,292 - INFO - 455 : ActivityCompleted: Activity=TimeFit, HowEnded=Success, Duration=117.82[ms]
2019-12-17 14:00:21,336 - INFO - 437 : ActivityStarted: ComputeMetrics
2019-12-17 14:00:21,418 - INFO - 437 : ActivityStarted: Predict
2019-12-17 14:00:21,485 - INFO - 455 : ActivityCompleted: Activity=Predict, HowEnded=Success, Duration=66.92[ms]
2019-12-17 14:00:21,545 - INFO - 295 : Regression metrics debug: {'y_test': (353,), 'y_pred': (353,), 'sample_weight': None}
2019-12-17 14:00:21,653 - INFO - 455 : ActivityCompleted: Activity=ComputeMetrics, HowEnded=Success, Duration=317.27[ms]
2019-12-17 14:00:21,685 - INFO - 455 : ActivityCompleted: Activity=TrainFull, HowEnded=Success, Duration=551.55[ms]
2019-12-17 14:00:22,143 - INFO - 455 : ActivityCompleted: Activity=Run, HowEnded=Success, Duration=1060.73[ms]
2019-12-17 14:00:23,550 - INFO - 295 : memory usage 756768
2019-12-17 14:00:23,581 - INFO - 295 : child memory usage 755476
2019-12-17 14:00:23,672 - INFO - 295 : cpu time 483.154689
2019-12-17 14:00:23,763 - INFO - 295 : child cpu time 86.383684
2019-12-17 14:00:24,558 - INFO - 295 : ActivityCompleted: Activity=RunPipeline, HowEnded=Success, Duration=44634.47[ms]
2019-12-17 14:00:24,576 - INFO - 295 : [RunId:AutoML_60b4f5bb-e17a-4a75-b33e-13eac4b2d1eb_2][After executing pipeline]memory usage 756768
2019-12-17 14:00:24,690 - INFO - 295 : [RunId:AutoML_60b4f5bb-e17a-4a75-b33e-13eac4b2d1eb_2][After executing pipeline]child memory usage 755476
2019-12-17 14:00:24,798 - INFO - 295 : [RunId:AutoML_60b4f5bb-e17a-4a75-b33e-13eac4b2d1eb_2][After executing pipeline]cpu time 483.255142
2019-12-17 14:00:24,952 - INFO - 295 : [RunId:AutoML_60b4f5bb-e17a-4a75-b33e-13eac4b2d1eb_2][After executing pipeline]child cpu time 103.364138
2019-12-17 14:00:25,076 - INFO - 295 : Pipeline execution finished with a score of 0.7003244503462261
2019-12-17 14:00:25,152 - INFO - 295 : Start logging metrics for child run.
2019-12-17 14:00:25,237 - INFO - 295 : ActivityStarted: MetricsAndSaveModel
2019-12-17 14:00:31,840 - WARNING - 295 : Did not recognize metric: fit_time. Will not log.
2019-12-17 14:00:31,866 - WARNING - 295 : Did not recognize metric: train time. Will not log.
2019-12-17 14:00:31,955 - WARNING - 295 : Did not recognize metric: predict_time. Will not log.
2019-12-17 14:00:31,997 - INFO - 295 : run_id:AutoML_60b4f5bb-e17a-4a75-b33e-13eac4b2d1eb_2, pipeline_id:b4bd922dbaf8213366b177d822de2b50eb1fc58b,The following metrics have been logged for the child run: {'residuals': <class 'dict'>, 'spearman_correlation': 0.7003244503462261, 'explained_variance': 0.5178603802063605, 'r2_score': 0.4916338749220149, 'mean_absolute_error': 45.61987952011101, 'predicted_true': <class 'dict'>, 'mean_absolute_percentage_error': 41.862592235050684, 'normalized_mean_absolute_error': 0.14211800473554834, 'normalized_root_mean_squared_log_error': 0.1662911807771398, 'median_absolute_error': 42.94859855362776, 'root_mean_squared_log_error': 0.430898404012843, 'normalized_median_absolute_error': 0.13379625717641047, 'root_mean_squared_error': 55.13848247902174, 'normalized_root_mean_squared_error': 0.1717709734548964, 'fit_time': 0.037601800000000005, 'train time': 0.2177022, 'predict_time': 0.1801004}.
2019-12-17 14:00:33,846 - INFO - 295 : memory usage 756768
2019-12-17 14:00:33,862 - INFO - 295 : child memory usage 755476
2019-12-17 14:00:33,972 - INFO - 295 : cpu time 483.952609
2019-12-17 14:00:34,145 - INFO - 295 : child cpu time 103.364138
2019-12-17 14:00:34,557 - INFO - 295 : Component CompleteRun finished after 0.94326595 minutes.
2019-12-17 14:00:34,586 - INFO - 295 : ActivityCompleted: Activity=MetricsAndSaveModel, HowEnded=Success, Duration=9348.17[ms]
2019-12-17 14:00:37,739 - INFO - 295 : [RunId:AutoML_60b4f5bb-e17a-4a75-b33e-13eac4b2d1eb_2][End fit_pipeline]memory usage 756768
2019-12-17 14:00:37,771 - INFO - 295 : [RunId:AutoML_60b4f5bb-e17a-4a75-b33e-13eac4b2d1eb_2][End fit_pipeline]child memory usage 755476
2019-12-17 14:00:37,854 - INFO - 295 : [RunId:AutoML_60b4f5bb-e17a-4a75-b33e-13eac4b2d1eb_2][End fit_pipeline]cpu time 484.248976
2019-12-17 14:00:37,923 - INFO - 295 : [RunId:AutoML_60b4f5bb-e17a-4a75-b33e-13eac4b2d1eb_2][End fit_pipeline]child cpu time 103.364138
2019-12-17 14:00:37,998 - INFO - 295 : ActivityCompleted: Activity=FitIteration, HowEnded=Success, Duration=66393.65 [ms]
2019-12-17 14:00:41,987 - INFO - 295 : Stopping usage telemetry collection
2019-12-17 14:00:42,004 - INFO - 295 : Run Complete.
2019-12-17 14:09:51,032 - WARNING - 295 : XGBoost is included in recommended algorithms list but not installed locally. If you would like to include XGBoost models in the recommended algorithms please install XGBoost locally. Adding XGBoost to the blacklist.
